This file contains any messages produced by compilers while
running configure, to aid debugging if configure makes a mistake.

It was created by warning configure 0.1, which was
generated by GNU Autoconf 2.69.  Invocation command line was

  $ ./configure --target=mipsel-openwrt-linux --host=mipsel-openwrt-linux --build=x86_64-linux-gnu --program-prefix= --program-suffix= --prefix=/usr --exec-prefix=/usr --bindir=/usr/bin --sbindir=/usr/sbin --libexecdir=/usr/lib --sysconfdir=/etc --datadir=/usr/share --localstatedir=/var --mandir=/usr/man --infodir=/usr/info --disable-nls

## --------- ##
## Platform. ##
## --------- ##

hostname = woody
uname -m = x86_64
uname -r = 4.2.0-16-generic
uname -s = Linux
uname -v = #19-Ubuntu SMP Thu Oct 8 15:35:06 UTC 2015

/usr/bin/uname -p = unknown
/bin/uname -X     = unknown

/bin/arch              = unknown
/usr/bin/arch -k       = unknown
/usr/convex/getsysinfo = unknown
/usr/bin/hostinfo      = unknown
/bin/machine           = unknown
/usr/bin/oslevel       = unknown
/bin/universe          = unknown

PATH: /home/woody/openwrt_trunk/staging_dir/target-mipsel_1004kc+dsp_musl-1.1.11/host/bin
PATH: /home/woody/openwrt_trunk/staging_dir/toolchain-mipsel_1004kc+dsp_gcc-5.2.0_musl-1.1.11/bin
PATH: /home/woody/openwrt_trunk/staging_dir/toolchain-mipsel_1004kc+dsp_gcc-5.2.0_musl-1.1.11/bin
PATH: /home/woody/openwrt_trunk/staging_dir/host/bin
PATH: /home/woody/openwrt_trunk/staging_dir/host/bin
PATH: /usr/local/sbin
PATH: /usr/local/bin
PATH: /usr/sbin
PATH: /usr/bin
PATH: /sbin
PATH: /bin
PATH: /usr/games
PATH: /usr/local/games


## ----------- ##
## Core tests. ##
## ----------- ##

configure:2231: loading site script /home/woody/openwrt_trunk/include/site/mipsel
| #!/bin/sh
| . $TOPDIR/include/site/linux
| ac_cv_c_littleendian=${ac_cv_c_littleendian=yes}
| ac_cv_c_bigendian=${ac_cv_c_bigendian=no}
| 
| ac_cv_sizeof___int64=0
| ac_cv_sizeof_char=1
| ac_cv_sizeof_int=4
| ac_cv_sizeof_int16_t=2
| ac_cv_sizeof_int32_t=4
| ac_cv_sizeof_int64_t=8
| ac_cv_sizeof_long_int=4
| ac_cv_sizeof_long_long=8
| ac_cv_sizeof_long=4
| ac_cv_sizeof_off_t=8
| ac_cv_sizeof_short_int=2
| ac_cv_sizeof_short=2
| ac_cv_sizeof_size_t=4
| ac_cv_sizeof_ssize_t=4
| ac_cv_sizeof_u_int16_t=2
| ac_cv_sizeof_u_int32_t=4
| ac_cv_sizeof_u_int64_t=8
| ac_cv_sizeof_uint16_t=2
| ac_cv_sizeof_uint32_t=4
| ac_cv_sizeof_uint64_t=8
| ac_cv_sizeof_unsigned_int=4
| ac_cv_sizeof_unsigned_long=4
| ac_cv_sizeof_unsigned_long_long=8
| ac_cv_sizeof_unsigned_short=2
| ac_cv_sizeof_void_p=4
configure:2372: checking for a BSD-compatible install
configure:2440: result: /usr/bin/install -c
configure:2451: checking whether build environment is sane
configure:2506: result: yes
configure:2565: checking for mipsel-openwrt-linux-strip
configure:2592: result: mipsel-openwrt-linux-musl-strip
configure:2657: checking for a thread-safe mkdir -p
configure:2696: result: /bin/mkdir -p
configure:2703: checking for gawk
configure:2719: found /usr/bin/gawk
configure:2730: result: gawk
configure:2741: checking whether make sets $(MAKE)
configure:2763: result: yes
configure:2792: checking whether make supports nested variables
configure:2809: result: yes
configure:2948: checking for mipsel-openwrt-linux-gcc
configure:2975: result: mipsel-openwrt-linux-musl-gcc
configure:3244: checking for C compiler version
configure:3253: mipsel-openwrt-linux-musl-gcc --version >&5
mipsel-openwrt-linux-musl-gcc (OpenWrt GCC 5.2.0 r48072) 5.2.0
Copyright (C) 2015 Free Software Foundation, Inc.
This is free software; see the source for copying conditions.  There is NO
warranty; not even for MERCHANTABILITY or FITNESS FOR A PARTICULAR PURPOSE.

configure:3264: $? = 0
configure:3253: mipsel-openwrt-linux-musl-gcc -v >&5
Reading specs from /home/woody/openwrt_trunk/staging_dir/toolchain-mipsel_1004kc+dsp_gcc-5.2.0_musl-1.1.11/lib/gcc/mipsel-openwrt-linux-musl/5.2.0/specs
COLLECT_GCC=mipsel-openwrt-linux-musl-gcc
COLLECT_LTO_WRAPPER=/home/woody/openwrt_trunk/staging_dir/toolchain-mipsel_1004kc+dsp_gcc-5.2.0_musl-1.1.11/libexec/gcc/mipsel-openwrt-linux-musl/5.2.0/lto-wrapper
Target: mipsel-openwrt-linux-musl
Configured with: /home/woody/openwrt_trunk/build_dir/toolchain-mipsel_1004kc+dsp_gcc-5.2.0_musl-1.1.11/gcc-5.2.0/configure --with-bugurl=https://dev.openwrt.org/ --with-pkgversion='OpenWrt GCC 5.2.0 r48072' --prefix=/home/woody/openwrt_trunk/staging_dir/toolchain-mipsel_1004kc+dsp_gcc-5.2.0_musl-1.1.11 --build=x86_64-linux-gnu --host=x86_64-linux-gnu --target=mipsel-openwrt-linux-musl --with-gnu-ld --enable-target-optspace --disable-libgomp --disable-libmudflap --disable-multilib --disable-nls --without-isl --without-cloog --with-host-libstdcxx=-lstdc++ --with-float=soft --with-gmp=/home/woody/openwrt_trunk/staging_dir/host --with-mpfr=/home/woody/openwrt_trunk/staging_dir/host --with-mpc=/home/woody/openwrt_trunk/staging_dir/host --disable-decimal-float --with-mips-plt --with-diagnostics-color=auto-if-env --disable-libssp --enable-__cxa_atexit --with-headers=/home/woody/openwrt_trunk/staging_dir/toolchain-mipsel_1004kc+dsp_gcc-5.2.0_musl-1.1.11/include --disable-libsanitizer --enable-languages=c,c++ --enable-shared --enable-threads --with-slibdir=/home/woody/openwrt_trunk/staging_dir/toolchain-mipsel_1004kc+dsp_gcc-5.2.0_musl-1.1.11/lib --enable-lto --with-libelf=/home/woody/openwrt_trunk/staging_dir/host
Thread model: posix
gcc version 5.2.0 (OpenWrt GCC 5.2.0 r48072) 
configure:3264: $? = 0
configure:3253: mipsel-openwrt-linux-musl-gcc -V >&5
mipsel-openwrt-linux-musl-gcc: error: unrecognized command line option '-V'
mipsel-openwrt-linux-musl-gcc: fatal error: no input files
compilation terminated.
configure:3264: $? = 1
configure:3253: mipsel-openwrt-linux-musl-gcc -qversion >&5
mipsel-openwrt-linux-musl-gcc: error: unrecognized command line option '-qversion'
mipsel-openwrt-linux-musl-gcc: fatal error: no input files
compilation terminated.
configure:3264: $? = 1
configure:3284: checking whether the C compiler works
configure:3306: mipsel-openwrt-linux-musl-gcc -Os -pipe -mmt -mips32r2 -mtune=1004kc -fno-caller-saves -fhonour-copts -Wno-error=unused-but-set-variable -Wno-error=unused-result -msoft-float -Wformat -Werror=format-security -fstack-protector -D_FORTIFY_SOURCE=1 -Wl,-z,now -Wl,-z,relro  -I/home/woody/openwrt_trunk/staging_dir/target-mipsel_1004kc+dsp_musl-1.1.11/usr/include -I/home/woody/openwrt_trunk/staging_dir/target-mipsel_1004kc+dsp_musl-1.1.11/include -I/home/woody/openwrt_trunk/staging_dir/toolchain-mipsel_1004kc+dsp_gcc-5.2.0_musl-1.1.11/usr/include -I/home/woody/openwrt_trunk/staging_dir/toolchain-mipsel_1004kc+dsp_gcc-5.2.0_musl-1.1.11/include/fortify -I/home/woody/openwrt_trunk/staging_dir/toolchain-mipsel_1004kc+dsp_gcc-5.2.0_musl-1.1.11/include  -L/home/woody/openwrt_trunk/staging_dir/target-mipsel_1004kc+dsp_musl-1.1.11/usr/lib -L/home/woody/openwrt_trunk/staging_dir/target-mipsel_1004kc+dsp_musl-1.1.11/lib -L/home/woody/openwrt_trunk/staging_dir/toolchain-mipsel_1004kc+dsp_gcc-5.2.0_musl-1.1.11/usr/lib -L/home/woody/openwrt_trunk/staging_dir/toolchain-mipsel_1004kc+dsp_gcc-5.2.0_musl-1.1.11/lib -znow -zrelro  conftest.c  >&5
configure:3310: $? = 0
configure:3358: result: yes
configure:3361: checking for C compiler default output file name
configure:3363: result: a.out
configure:3369: checking for suffix of executables
configure:3376: mipsel-openwrt-linux-musl-gcc -o conftest -Os -pipe -mmt -mips32r2 -mtune=1004kc -fno-caller-saves -fhonour-copts -Wno-error=unused-but-set-variable -Wno-error=unused-result -msoft-float -Wformat -Werror=format-security -fstack-protector -D_FORTIFY_SOURCE=1 -Wl,-z,now -Wl,-z,relro  -I/home/woody/openwrt_trunk/staging_dir/target-mipsel_1004kc+dsp_musl-1.1.11/usr/include -I/home/woody/openwrt_trunk/staging_dir/target-mipsel_1004kc+dsp_musl-1.1.11/include -I/home/woody/openwrt_trunk/staging_dir/toolchain-mipsel_1004kc+dsp_gcc-5.2.0_musl-1.1.11/usr/include -I/home/woody/openwrt_trunk/staging_dir/toolchain-mipsel_1004kc+dsp_gcc-5.2.0_musl-1.1.11/include/fortify -I/home/woody/openwrt_trunk/staging_dir/toolchain-mipsel_1004kc+dsp_gcc-5.2.0_musl-1.1.11/include  -L/home/woody/openwrt_trunk/staging_dir/target-mipsel_1004kc+dsp_musl-1.1.11/usr/lib -L/home/woody/openwrt_trunk/staging_dir/target-mipsel_1004kc+dsp_musl-1.1.11/lib -L/home/woody/openwrt_trunk/staging_dir/toolchain-mipsel_1004kc+dsp_gcc-5.2.0_musl-1.1.11/usr/lib -L/home/woody/openwrt_trunk/staging_dir/toolchain-mipsel_1004kc+dsp_gcc-5.2.0_musl-1.1.11/lib -znow -zrelro  conftest.c  >&5
configure:3380: $? = 0
configure:3402: result: 
configure:3424: checking whether we are cross compiling
configure:3462: result: yes
configure:3467: checking for suffix of object files
configure:3489: mipsel-openwrt-linux-musl-gcc -c -Os -pipe -mmt -mips32r2 -mtune=1004kc -fno-caller-saves -fhonour-copts -Wno-error=unused-but-set-variable -Wno-error=unused-result -msoft-float -Wformat -Werror=format-security -fstack-protector -D_FORTIFY_SOURCE=1 -Wl,-z,now -Wl,-z,relro  -I/home/woody/openwrt_trunk/staging_dir/target-mipsel_1004kc+dsp_musl-1.1.11/usr/include -I/home/woody/openwrt_trunk/staging_dir/target-mipsel_1004kc+dsp_musl-1.1.11/include -I/home/woody/openwrt_trunk/staging_dir/toolchain-mipsel_1004kc+dsp_gcc-5.2.0_musl-1.1.11/usr/include -I/home/woody/openwrt_trunk/staging_dir/toolchain-mipsel_1004kc+dsp_gcc-5.2.0_musl-1.1.11/include/fortify -I/home/woody/openwrt_trunk/staging_dir/toolchain-mipsel_1004kc+dsp_gcc-5.2.0_musl-1.1.11/include  conftest.c >&5
configure:3493: $? = 0
configure:3514: result: o
configure:3518: checking whether we are using the GNU C compiler
configure:3537: mipsel-openwrt-linux-musl-gcc -c -Os -pipe -mmt -mips32r2 -mtune=1004kc -fno-caller-saves -fhonour-copts -Wno-error=unused-but-set-variable -Wno-error=unused-result -msoft-float -Wformat -Werror=format-security -fstack-protector -D_FORTIFY_SOURCE=1 -Wl,-z,now -Wl,-z,relro  -I/home/woody/openwrt_trunk/staging_dir/target-mipsel_1004kc+dsp_musl-1.1.11/usr/include -I/home/woody/openwrt_trunk/staging_dir/target-mipsel_1004kc+dsp_musl-1.1.11/include -I/home/woody/openwrt_trunk/staging_dir/toolchain-mipsel_1004kc+dsp_gcc-5.2.0_musl-1.1.11/usr/include -I/home/woody/openwrt_trunk/staging_dir/toolchain-mipsel_1004kc+dsp_gcc-5.2.0_musl-1.1.11/include/fortify -I/home/woody/openwrt_trunk/staging_dir/toolchain-mipsel_1004kc+dsp_gcc-5.2.0_musl-1.1.11/include  conftest.c >&5
configure:3537: $? = 0
configure:3546: result: yes
configure:3555: checking whether mipsel-openwrt-linux-musl-gcc accepts -g
configure:3575: mipsel-openwrt-linux-musl-gcc -c -g -I/home/woody/openwrt_trunk/staging_dir/target-mipsel_1004kc+dsp_musl-1.1.11/usr/include -I/home/woody/openwrt_trunk/staging_dir/target-mipsel_1004kc+dsp_musl-1.1.11/include -I/home/woody/openwrt_trunk/staging_dir/toolchain-mipsel_1004kc+dsp_gcc-5.2.0_musl-1.1.11/usr/include -I/home/woody/openwrt_trunk/staging_dir/toolchain-mipsel_1004kc+dsp_gcc-5.2.0_musl-1.1.11/include/fortify -I/home/woody/openwrt_trunk/staging_dir/toolchain-mipsel_1004kc+dsp_gcc-5.2.0_musl-1.1.11/include  conftest.c >&5
cc1: note: someone does not honour COPTS correctly, passed 0 times
configure:3575: $? = 0
configure: failed program was:
| /* confdefs.h */
| #define PACKAGE_NAME "warning"
| #define PACKAGE_TARNAME "warning"
| #define PACKAGE_VERSION "0.1"
| #define PACKAGE_STRING "warning 0.1"
| #define PACKAGE_BUGREPORT "luxflow@live.com"
| #define PACKAGE_URL ""
| #define PACKAGE "warning"
| #define VERSION "0.1"
| /* end confdefs.h.  */
| 
| int
| main ()
| {
| 
|   ;
|   return 0;
| }
configure:3590: mipsel-openwrt-linux-musl-gcc -c  -I/home/woody/openwrt_trunk/staging_dir/target-mipsel_1004kc+dsp_musl-1.1.11/usr/include -I/home/woody/openwrt_trunk/staging_dir/target-mipsel_1004kc+dsp_musl-1.1.11/include -I/home/woody/openwrt_trunk/staging_dir/toolchain-mipsel_1004kc+dsp_gcc-5.2.0_musl-1.1.11/usr/include -I/home/woody/openwrt_trunk/staging_dir/toolchain-mipsel_1004kc+dsp_gcc-5.2.0_musl-1.1.11/include/fortify -I/home/woody/openwrt_trunk/staging_dir/toolchain-mipsel_1004kc+dsp_gcc-5.2.0_musl-1.1.11/include  conftest.c >&5
cc1: note: someone does not honour COPTS correctly, passed 0 times
configure:3590: $? = 0
configure: failed program was:
| /* confdefs.h */
| #define PACKAGE_NAME "warning"
| #define PACKAGE_TARNAME "warning"
| #define PACKAGE_VERSION "0.1"
| #define PACKAGE_STRING "warning 0.1"
| #define PACKAGE_BUGREPORT "luxflow@live.com"
| #define PACKAGE_URL ""
| #define PACKAGE "warning"
| #define VERSION "0.1"
| /* end confdefs.h.  */
| 
| int
| main ()
| {
| 
|   ;
|   return 0;
| }
configure:3606: mipsel-openwrt-linux-musl-gcc -c -g -I/home/woody/openwrt_trunk/staging_dir/target-mipsel_1004kc+dsp_musl-1.1.11/usr/include -I/home/woody/openwrt_trunk/staging_dir/target-mipsel_1004kc+dsp_musl-1.1.11/include -I/home/woody/openwrt_trunk/staging_dir/toolchain-mipsel_1004kc+dsp_gcc-5.2.0_musl-1.1.11/usr/include -I/home/woody/openwrt_trunk/staging_dir/toolchain-mipsel_1004kc+dsp_gcc-5.2.0_musl-1.1.11/include/fortify -I/home/woody/openwrt_trunk/staging_dir/toolchain-mipsel_1004kc+dsp_gcc-5.2.0_musl-1.1.11/include  conftest.c >&5
cc1: note: someone does not honour COPTS correctly, passed 0 times
configure:3606: $? = 0
configure:3616: result: yes
configure:3633: checking for mipsel-openwrt-linux-musl-gcc option to accept ISO C89
configure:3696: mipsel-openwrt-linux-musl-gcc  -c -Os -pipe -mmt -mips32r2 -mtune=1004kc -fno-caller-saves -fhonour-copts -Wno-error=unused-but-set-variable -Wno-error=unused-result -msoft-float -Wformat -Werror=format-security -fstack-protector -D_FORTIFY_SOURCE=1 -Wl,-z,now -Wl,-z,relro  -I/home/woody/openwrt_trunk/staging_dir/target-mipsel_1004kc+dsp_musl-1.1.11/usr/include -I/home/woody/openwrt_trunk/staging_dir/target-mipsel_1004kc+dsp_musl-1.1.11/include -I/home/woody/openwrt_trunk/staging_dir/toolchain-mipsel_1004kc+dsp_gcc-5.2.0_musl-1.1.11/usr/include -I/home/woody/openwrt_trunk/staging_dir/toolchain-mipsel_1004kc+dsp_gcc-5.2.0_musl-1.1.11/include/fortify -I/home/woody/openwrt_trunk/staging_dir/toolchain-mipsel_1004kc+dsp_gcc-5.2.0_musl-1.1.11/include  conftest.c >&5
configure:3696: $? = 0
configure:3709: result: none needed
configure:3734: checking whether mipsel-openwrt-linux-musl-gcc understands -c and -o together
configure:3756: mipsel-openwrt-linux-musl-gcc -c conftest.c -o conftest2.o
cc1: note: someone does not honour COPTS correctly, passed 0 times
configure:3759: $? = 0
configure:3756: mipsel-openwrt-linux-musl-gcc -c conftest.c -o conftest2.o
cc1: note: someone does not honour COPTS correctly, passed 0 times
configure:3759: $? = 0
configure:3771: result: yes
configure:3799: checking for style of include used by make
configure:3827: result: GNU
configure:3853: checking dependency style of mipsel-openwrt-linux-musl-gcc
configure:3964: result: gcc3
configure:3989: checking how to run the C preprocessor
configure:4020: mipsel-openwrt-linux-musl-gcc -E -I/home/woody/openwrt_trunk/staging_dir/target-mipsel_1004kc+dsp_musl-1.1.11/usr/include -I/home/woody/openwrt_trunk/staging_dir/target-mipsel_1004kc+dsp_musl-1.1.11/include -I/home/woody/openwrt_trunk/staging_dir/toolchain-mipsel_1004kc+dsp_gcc-5.2.0_musl-1.1.11/usr/include -I/home/woody/openwrt_trunk/staging_dir/toolchain-mipsel_1004kc+dsp_gcc-5.2.0_musl-1.1.11/include/fortify -I/home/woody/openwrt_trunk/staging_dir/toolchain-mipsel_1004kc+dsp_gcc-5.2.0_musl-1.1.11/include  conftest.c
configure:4020: $? = 0
configure:4034: mipsel-openwrt-linux-musl-gcc -E -I/home/woody/openwrt_trunk/staging_dir/target-mipsel_1004kc+dsp_musl-1.1.11/usr/include -I/home/woody/openwrt_trunk/staging_dir/target-mipsel_1004kc+dsp_musl-1.1.11/include -I/home/woody/openwrt_trunk/staging_dir/toolchain-mipsel_1004kc+dsp_gcc-5.2.0_musl-1.1.11/usr/include -I/home/woody/openwrt_trunk/staging_dir/toolchain-mipsel_1004kc+dsp_gcc-5.2.0_musl-1.1.11/include/fortify -I/home/woody/openwrt_trunk/staging_dir/toolchain-mipsel_1004kc+dsp_gcc-5.2.0_musl-1.1.11/include  conftest.c
conftest.c:11:28: fatal error: ac_nonexistent.h: No such file or directory
compilation terminated.
configure:4034: $? = 1
configure: failed program was:
| /* confdefs.h */
| #define PACKAGE_NAME "warning"
| #define PACKAGE_TARNAME "warning"
| #define PACKAGE_VERSION "0.1"
| #define PACKAGE_STRING "warning 0.1"
| #define PACKAGE_BUGREPORT "luxflow@live.com"
| #define PACKAGE_URL ""
| #define PACKAGE "warning"
| #define VERSION "0.1"
| /* end confdefs.h.  */
| #include <ac_nonexistent.h>
configure:4059: result: mipsel-openwrt-linux-musl-gcc -E
configure:4079: mipsel-openwrt-linux-musl-gcc -E -I/home/woody/openwrt_trunk/staging_dir/target-mipsel_1004kc+dsp_musl-1.1.11/usr/include -I/home/woody/openwrt_trunk/staging_dir/target-mipsel_1004kc+dsp_musl-1.1.11/include -I/home/woody/openwrt_trunk/staging_dir/toolchain-mipsel_1004kc+dsp_gcc-5.2.0_musl-1.1.11/usr/include -I/home/woody/openwrt_trunk/staging_dir/toolchain-mipsel_1004kc+dsp_gcc-5.2.0_musl-1.1.11/include/fortify -I/home/woody/openwrt_trunk/staging_dir/toolchain-mipsel_1004kc+dsp_gcc-5.2.0_musl-1.1.11/include  conftest.c
configure:4079: $? = 0
configure:4093: mipsel-openwrt-linux-musl-gcc -E -I/home/woody/openwrt_trunk/staging_dir/target-mipsel_1004kc+dsp_musl-1.1.11/usr/include -I/home/woody/openwrt_trunk/staging_dir/target-mipsel_1004kc+dsp_musl-1.1.11/include -I/home/woody/openwrt_trunk/staging_dir/toolchain-mipsel_1004kc+dsp_gcc-5.2.0_musl-1.1.11/usr/include -I/home/woody/openwrt_trunk/staging_dir/toolchain-mipsel_1004kc+dsp_gcc-5.2.0_musl-1.1.11/include/fortify -I/home/woody/openwrt_trunk/staging_dir/toolchain-mipsel_1004kc+dsp_gcc-5.2.0_musl-1.1.11/include  conftest.c
conftest.c:11:28: fatal error: ac_nonexistent.h: No such file or directory
compilation terminated.
configure:4093: $? = 1
configure: failed program was:
| /* confdefs.h */
| #define PACKAGE_NAME "warning"
| #define PACKAGE_TARNAME "warning"
| #define PACKAGE_VERSION "0.1"
| #define PACKAGE_STRING "warning 0.1"
| #define PACKAGE_BUGREPORT "luxflow@live.com"
| #define PACKAGE_URL ""
| #define PACKAGE "warning"
| #define VERSION "0.1"
| /* end confdefs.h.  */
| #include <ac_nonexistent.h>
configure:4122: checking for grep that handles long lines and -e
configure:4180: result: /home/woody/openwrt_trunk/staging_dir/host/bin/grep
configure:4185: checking for egrep
configure:4247: result: /home/woody/openwrt_trunk/staging_dir/host/bin/grep -E
configure:4252: checking for ANSI C header files
configure:4272: mipsel-openwrt-linux-musl-gcc -c -Os -pipe -mmt -mips32r2 -mtune=1004kc -fno-caller-saves -fhonour-copts -Wno-error=unused-but-set-variable -Wno-error=unused-result -msoft-float -Wformat -Werror=format-security -fstack-protector -D_FORTIFY_SOURCE=1 -Wl,-z,now -Wl,-z,relro  -I/home/woody/openwrt_trunk/staging_dir/target-mipsel_1004kc+dsp_musl-1.1.11/usr/include -I/home/woody/openwrt_trunk/staging_dir/target-mipsel_1004kc+dsp_musl-1.1.11/include -I/home/woody/openwrt_trunk/staging_dir/toolchain-mipsel_1004kc+dsp_gcc-5.2.0_musl-1.1.11/usr/include -I/home/woody/openwrt_trunk/staging_dir/toolchain-mipsel_1004kc+dsp_gcc-5.2.0_musl-1.1.11/include/fortify -I/home/woody/openwrt_trunk/staging_dir/toolchain-mipsel_1004kc+dsp_gcc-5.2.0_musl-1.1.11/include  conftest.c >&5
configure:4272: $? = 0
configure:4356: result: yes
configure:4369: checking for sys/types.h
configure:4369: mipsel-openwrt-linux-musl-gcc -c -Os -pipe -mmt -mips32r2 -mtune=1004kc -fno-caller-saves -fhonour-copts -Wno-error=unused-but-set-variable -Wno-error=unused-result -msoft-float -Wformat -Werror=format-security -fstack-protector -D_FORTIFY_SOURCE=1 -Wl,-z,now -Wl,-z,relro  -I/home/woody/openwrt_trunk/staging_dir/target-mipsel_1004kc+dsp_musl-1.1.11/usr/include -I/home/woody/openwrt_trunk/staging_dir/target-mipsel_1004kc+dsp_musl-1.1.11/include -I/home/woody/openwrt_trunk/staging_dir/toolchain-mipsel_1004kc+dsp_gcc-5.2.0_musl-1.1.11/usr/include -I/home/woody/openwrt_trunk/staging_dir/toolchain-mipsel_1004kc+dsp_gcc-5.2.0_musl-1.1.11/include/fortify -I/home/woody/openwrt_trunk/staging_dir/toolchain-mipsel_1004kc+dsp_gcc-5.2.0_musl-1.1.11/include  conftest.c >&5
configure:4369: $? = 0
configure:4369: result: yes
configure:4369: checking for sys/stat.h
configure:4369: mipsel-openwrt-linux-musl-gcc -c -Os -pipe -mmt -mips32r2 -mtune=1004kc -fno-caller-saves -fhonour-copts -Wno-error=unused-but-set-variable -Wno-error=unused-result -msoft-float -Wformat -Werror=format-security -fstack-protector -D_FORTIFY_SOURCE=1 -Wl,-z,now -Wl,-z,relro  -I/home/woody/openwrt_trunk/staging_dir/target-mipsel_1004kc+dsp_musl-1.1.11/usr/include -I/home/woody/openwrt_trunk/staging_dir/target-mipsel_1004kc+dsp_musl-1.1.11/include -I/home/woody/openwrt_trunk/staging_dir/toolchain-mipsel_1004kc+dsp_gcc-5.2.0_musl-1.1.11/usr/include -I/home/woody/openwrt_trunk/staging_dir/toolchain-mipsel_1004kc+dsp_gcc-5.2.0_musl-1.1.11/include/fortify -I/home/woody/openwrt_trunk/staging_dir/toolchain-mipsel_1004kc+dsp_gcc-5.2.0_musl-1.1.11/include  conftest.c >&5
configure:4369: $? = 0
configure:4369: result: yes
configure:4369: checking for stdlib.h
configure:4369: mipsel-openwrt-linux-musl-gcc -c -Os -pipe -mmt -mips32r2 -mtune=1004kc -fno-caller-saves -fhonour-copts -Wno-error=unused-but-set-variable -Wno-error=unused-result -msoft-float -Wformat -Werror=format-security -fstack-protector -D_FORTIFY_SOURCE=1 -Wl,-z,now -Wl,-z,relro  -I/home/woody/openwrt_trunk/staging_dir/target-mipsel_1004kc+dsp_musl-1.1.11/usr/include -I/home/woody/openwrt_trunk/staging_dir/target-mipsel_1004kc+dsp_musl-1.1.11/include -I/home/woody/openwrt_trunk/staging_dir/toolchain-mipsel_1004kc+dsp_gcc-5.2.0_musl-1.1.11/usr/include -I/home/woody/openwrt_trunk/staging_dir/toolchain-mipsel_1004kc+dsp_gcc-5.2.0_musl-1.1.11/include/fortify -I/home/woody/openwrt_trunk/staging_dir/toolchain-mipsel_1004kc+dsp_gcc-5.2.0_musl-1.1.11/include  conftest.c >&5
configure:4369: $? = 0
configure:4369: result: yes
configure:4369: checking for string.h
configure:4369: mipsel-openwrt-linux-musl-gcc -c -Os -pipe -mmt -mips32r2 -mtune=1004kc -fno-caller-saves -fhonour-copts -Wno-error=unused-but-set-variable -Wno-error=unused-result -msoft-float -Wformat -Werror=format-security -fstack-protector -D_FORTIFY_SOURCE=1 -Wl,-z,now -Wl,-z,relro  -I/home/woody/openwrt_trunk/staging_dir/target-mipsel_1004kc+dsp_musl-1.1.11/usr/include -I/home/woody/openwrt_trunk/staging_dir/target-mipsel_1004kc+dsp_musl-1.1.11/include -I/home/woody/openwrt_trunk/staging_dir/toolchain-mipsel_1004kc+dsp_gcc-5.2.0_musl-1.1.11/usr/include -I/home/woody/openwrt_trunk/staging_dir/toolchain-mipsel_1004kc+dsp_gcc-5.2.0_musl-1.1.11/include/fortify -I/home/woody/openwrt_trunk/staging_dir/toolchain-mipsel_1004kc+dsp_gcc-5.2.0_musl-1.1.11/include  conftest.c >&5
configure:4369: $? = 0
configure:4369: result: yes
configure:4369: checking for memory.h
configure:4369: mipsel-openwrt-linux-musl-gcc -c -Os -pipe -mmt -mips32r2 -mtune=1004kc -fno-caller-saves -fhonour-copts -Wno-error=unused-but-set-variable -Wno-error=unused-result -msoft-float -Wformat -Werror=format-security -fstack-protector -D_FORTIFY_SOURCE=1 -Wl,-z,now -Wl,-z,relro  -I/home/woody/openwrt_trunk/staging_dir/target-mipsel_1004kc+dsp_musl-1.1.11/usr/include -I/home/woody/openwrt_trunk/staging_dir/target-mipsel_1004kc+dsp_musl-1.1.11/include -I/home/woody/openwrt_trunk/staging_dir/toolchain-mipsel_1004kc+dsp_gcc-5.2.0_musl-1.1.11/usr/include -I/home/woody/openwrt_trunk/staging_dir/toolchain-mipsel_1004kc+dsp_gcc-5.2.0_musl-1.1.11/include/fortify -I/home/woody/openwrt_trunk/staging_dir/toolchain-mipsel_1004kc+dsp_gcc-5.2.0_musl-1.1.11/include  conftest.c >&5
configure:4369: $? = 0
configure:4369: result: yes
configure:4369: checking for strings.h
configure:4369: mipsel-openwrt-linux-musl-gcc -c -Os -pipe -mmt -mips32r2 -mtune=1004kc -fno-caller-saves -fhonour-copts -Wno-error=unused-but-set-variable -Wno-error=unused-result -msoft-float -Wformat -Werror=format-security -fstack-protector -D_FORTIFY_SOURCE=1 -Wl,-z,now -Wl,-z,relro  -I/home/woody/openwrt_trunk/staging_dir/target-mipsel_1004kc+dsp_musl-1.1.11/usr/include -I/home/woody/openwrt_trunk/staging_dir/target-mipsel_1004kc+dsp_musl-1.1.11/include -I/home/woody/openwrt_trunk/staging_dir/toolchain-mipsel_1004kc+dsp_gcc-5.2.0_musl-1.1.11/usr/include -I/home/woody/openwrt_trunk/staging_dir/toolchain-mipsel_1004kc+dsp_gcc-5.2.0_musl-1.1.11/include/fortify -I/home/woody/openwrt_trunk/staging_dir/toolchain-mipsel_1004kc+dsp_gcc-5.2.0_musl-1.1.11/include  conftest.c >&5
configure:4369: $? = 0
configure:4369: result: yes
configure:4369: checking for inttypes.h
configure:4369: mipsel-openwrt-linux-musl-gcc -c -Os -pipe -mmt -mips32r2 -mtune=1004kc -fno-caller-saves -fhonour-copts -Wno-error=unused-but-set-variable -Wno-error=unused-result -msoft-float -Wformat -Werror=format-security -fstack-protector -D_FORTIFY_SOURCE=1 -Wl,-z,now -Wl,-z,relro  -I/home/woody/openwrt_trunk/staging_dir/target-mipsel_1004kc+dsp_musl-1.1.11/usr/include -I/home/woody/openwrt_trunk/staging_dir/target-mipsel_1004kc+dsp_musl-1.1.11/include -I/home/woody/openwrt_trunk/staging_dir/toolchain-mipsel_1004kc+dsp_gcc-5.2.0_musl-1.1.11/usr/include -I/home/woody/openwrt_trunk/staging_dir/toolchain-mipsel_1004kc+dsp_gcc-5.2.0_musl-1.1.11/include/fortify -I/home/woody/openwrt_trunk/staging_dir/toolchain-mipsel_1004kc+dsp_gcc-5.2.0_musl-1.1.11/include  conftest.c >&5
configure:4369: $? = 0
configure:4369: result: yes
configure:4369: checking for stdint.h
configure:4369: mipsel-openwrt-linux-musl-gcc -c -Os -pipe -mmt -mips32r2 -mtune=1004kc -fno-caller-saves -fhonour-copts -Wno-error=unused-but-set-variable -Wno-error=unused-result -msoft-float -Wformat -Werror=format-security -fstack-protector -D_FORTIFY_SOURCE=1 -Wl,-z,now -Wl,-z,relro  -I/home/woody/openwrt_trunk/staging_dir/target-mipsel_1004kc+dsp_musl-1.1.11/usr/include -I/home/woody/openwrt_trunk/staging_dir/target-mipsel_1004kc+dsp_musl-1.1.11/include -I/home/woody/openwrt_trunk/staging_dir/toolchain-mipsel_1004kc+dsp_gcc-5.2.0_musl-1.1.11/usr/include -I/home/woody/openwrt_trunk/staging_dir/toolchain-mipsel_1004kc+dsp_gcc-5.2.0_musl-1.1.11/include/fortify -I/home/woody/openwrt_trunk/staging_dir/toolchain-mipsel_1004kc+dsp_gcc-5.2.0_musl-1.1.11/include  conftest.c >&5
configure:4369: $? = 0
configure:4369: result: yes
configure:4369: checking for unistd.h
configure:4369: mipsel-openwrt-linux-musl-gcc -c -Os -pipe -mmt -mips32r2 -mtune=1004kc -fno-caller-saves -fhonour-copts -Wno-error=unused-but-set-variable -Wno-error=unused-result -msoft-float -Wformat -Werror=format-security -fstack-protector -D_FORTIFY_SOURCE=1 -Wl,-z,now -Wl,-z,relro  -I/home/woody/openwrt_trunk/staging_dir/target-mipsel_1004kc+dsp_musl-1.1.11/usr/include -I/home/woody/openwrt_trunk/staging_dir/target-mipsel_1004kc+dsp_musl-1.1.11/include -I/home/woody/openwrt_trunk/staging_dir/toolchain-mipsel_1004kc+dsp_gcc-5.2.0_musl-1.1.11/usr/include -I/home/woody/openwrt_trunk/staging_dir/toolchain-mipsel_1004kc+dsp_gcc-5.2.0_musl-1.1.11/include/fortify -I/home/woody/openwrt_trunk/staging_dir/toolchain-mipsel_1004kc+dsp_gcc-5.2.0_musl-1.1.11/include  conftest.c >&5
configure:4369: $? = 0
configure:4369: result: yes
configure:4384: checking arpa/inet.h usability
configure:4384: mipsel-openwrt-linux-musl-gcc -c -Os -pipe -mmt -mips32r2 -mtune=1004kc -fno-caller-saves -fhonour-copts -Wno-error=unused-but-set-variable -Wno-error=unused-result -msoft-float -Wformat -Werror=format-security -fstack-protector -D_FORTIFY_SOURCE=1 -Wl,-z,now -Wl,-z,relro  -I/home/woody/openwrt_trunk/staging_dir/target-mipsel_1004kc+dsp_musl-1.1.11/usr/include -I/home/woody/openwrt_trunk/staging_dir/target-mipsel_1004kc+dsp_musl-1.1.11/include -I/home/woody/openwrt_trunk/staging_dir/toolchain-mipsel_1004kc+dsp_gcc-5.2.0_musl-1.1.11/usr/include -I/home/woody/openwrt_trunk/staging_dir/toolchain-mipsel_1004kc+dsp_gcc-5.2.0_musl-1.1.11/include/fortify -I/home/woody/openwrt_trunk/staging_dir/toolchain-mipsel_1004kc+dsp_gcc-5.2.0_musl-1.1.11/include  conftest.c >&5
configure:4384: $? = 0
configure:4384: result: yes
configure:4384: checking arpa/inet.h presence
configure:4384: mipsel-openwrt-linux-musl-gcc -E -I/home/woody/openwrt_trunk/staging_dir/target-mipsel_1004kc+dsp_musl-1.1.11/usr/include -I/home/woody/openwrt_trunk/staging_dir/target-mipsel_1004kc+dsp_musl-1.1.11/include -I/home/woody/openwrt_trunk/staging_dir/toolchain-mipsel_1004kc+dsp_gcc-5.2.0_musl-1.1.11/usr/include -I/home/woody/openwrt_trunk/staging_dir/toolchain-mipsel_1004kc+dsp_gcc-5.2.0_musl-1.1.11/include/fortify -I/home/woody/openwrt_trunk/staging_dir/toolchain-mipsel_1004kc+dsp_gcc-5.2.0_musl-1.1.11/include  conftest.c
configure:4384: $? = 0
configure:4384: result: yes
configure:4384: checking for arpa/inet.h
configure:4384: result: yes
configure:4384: checking limits.h usability
configure:4384: mipsel-openwrt-linux-musl-gcc -c -Os -pipe -mmt -mips32r2 -mtune=1004kc -fno-caller-saves -fhonour-copts -Wno-error=unused-but-set-variable -Wno-error=unused-result -msoft-float -Wformat -Werror=format-security -fstack-protector -D_FORTIFY_SOURCE=1 -Wl,-z,now -Wl,-z,relro  -I/home/woody/openwrt_trunk/staging_dir/target-mipsel_1004kc+dsp_musl-1.1.11/usr/include -I/home/woody/openwrt_trunk/staging_dir/target-mipsel_1004kc+dsp_musl-1.1.11/include -I/home/woody/openwrt_trunk/staging_dir/toolchain-mipsel_1004kc+dsp_gcc-5.2.0_musl-1.1.11/usr/include -I/home/woody/openwrt_trunk/staging_dir/toolchain-mipsel_1004kc+dsp_gcc-5.2.0_musl-1.1.11/include/fortify -I/home/woody/openwrt_trunk/staging_dir/toolchain-mipsel_1004kc+dsp_gcc-5.2.0_musl-1.1.11/include  conftest.c >&5
configure:4384: $? = 0
configure:4384: result: yes
configure:4384: checking limits.h presence
configure:4384: mipsel-openwrt-linux-musl-gcc -E -I/home/woody/openwrt_trunk/staging_dir/target-mipsel_1004kc+dsp_musl-1.1.11/usr/include -I/home/woody/openwrt_trunk/staging_dir/target-mipsel_1004kc+dsp_musl-1.1.11/include -I/home/woody/openwrt_trunk/staging_dir/toolchain-mipsel_1004kc+dsp_gcc-5.2.0_musl-1.1.11/usr/include -I/home/woody/openwrt_trunk/staging_dir/toolchain-mipsel_1004kc+dsp_gcc-5.2.0_musl-1.1.11/include/fortify -I/home/woody/openwrt_trunk/staging_dir/toolchain-mipsel_1004kc+dsp_gcc-5.2.0_musl-1.1.11/include  conftest.c
configure:4384: $? = 0
configure:4384: result: yes
configure:4384: checking for limits.h
configure:4384: result: yes
configure:4384: checking netinet/in.h usability
configure:4384: mipsel-openwrt-linux-musl-gcc -c -Os -pipe -mmt -mips32r2 -mtune=1004kc -fno-caller-saves -fhonour-copts -Wno-error=unused-but-set-variable -Wno-error=unused-result -msoft-float -Wformat -Werror=format-security -fstack-protector -D_FORTIFY_SOURCE=1 -Wl,-z,now -Wl,-z,relro  -I/home/woody/openwrt_trunk/staging_dir/target-mipsel_1004kc+dsp_musl-1.1.11/usr/include -I/home/woody/openwrt_trunk/staging_dir/target-mipsel_1004kc+dsp_musl-1.1.11/include -I/home/woody/openwrt_trunk/staging_dir/toolchain-mipsel_1004kc+dsp_gcc-5.2.0_musl-1.1.11/usr/include -I/home/woody/openwrt_trunk/staging_dir/toolchain-mipsel_1004kc+dsp_gcc-5.2.0_musl-1.1.11/include/fortify -I/home/woody/openwrt_trunk/staging_dir/toolchain-mipsel_1004kc+dsp_gcc-5.2.0_musl-1.1.11/include  conftest.c >&5
configure:4384: $? = 0
configure:4384: result: yes
configure:4384: checking netinet/in.h presence
configure:4384: mipsel-openwrt-linux-musl-gcc -E -I/home/woody/openwrt_trunk/staging_dir/target-mipsel_1004kc+dsp_musl-1.1.11/usr/include -I/home/woody/openwrt_trunk/staging_dir/target-mipsel_1004kc+dsp_musl-1.1.11/include -I/home/woody/openwrt_trunk/staging_dir/toolchain-mipsel_1004kc+dsp_gcc-5.2.0_musl-1.1.11/usr/include -I/home/woody/openwrt_trunk/staging_dir/toolchain-mipsel_1004kc+dsp_gcc-5.2.0_musl-1.1.11/include/fortify -I/home/woody/openwrt_trunk/staging_dir/toolchain-mipsel_1004kc+dsp_gcc-5.2.0_musl-1.1.11/include  conftest.c
configure:4384: $? = 0
configure:4384: result: yes
configure:4384: checking for netinet/in.h
configure:4384: result: yes
configure:4384: checking stddef.h usability
configure:4384: mipsel-openwrt-linux-musl-gcc -c -Os -pipe -mmt -mips32r2 -mtune=1004kc -fno-caller-saves -fhonour-copts -Wno-error=unused-but-set-variable -Wno-error=unused-result -msoft-float -Wformat -Werror=format-security -fstack-protector -D_FORTIFY_SOURCE=1 -Wl,-z,now -Wl,-z,relro  -I/home/woody/openwrt_trunk/staging_dir/target-mipsel_1004kc+dsp_musl-1.1.11/usr/include -I/home/woody/openwrt_trunk/staging_dir/target-mipsel_1004kc+dsp_musl-1.1.11/include -I/home/woody/openwrt_trunk/staging_dir/toolchain-mipsel_1004kc+dsp_gcc-5.2.0_musl-1.1.11/usr/include -I/home/woody/openwrt_trunk/staging_dir/toolchain-mipsel_1004kc+dsp_gcc-5.2.0_musl-1.1.11/include/fortify -I/home/woody/openwrt_trunk/staging_dir/toolchain-mipsel_1004kc+dsp_gcc-5.2.0_musl-1.1.11/include  conftest.c >&5
configure:4384: $? = 0
configure:4384: result: yes
configure:4384: checking stddef.h presence
configure:4384: mipsel-openwrt-linux-musl-gcc -E -I/home/woody/openwrt_trunk/staging_dir/target-mipsel_1004kc+dsp_musl-1.1.11/usr/include -I/home/woody/openwrt_trunk/staging_dir/target-mipsel_1004kc+dsp_musl-1.1.11/include -I/home/woody/openwrt_trunk/staging_dir/toolchain-mipsel_1004kc+dsp_gcc-5.2.0_musl-1.1.11/usr/include -I/home/woody/openwrt_trunk/staging_dir/toolchain-mipsel_1004kc+dsp_gcc-5.2.0_musl-1.1.11/include/fortify -I/home/woody/openwrt_trunk/staging_dir/toolchain-mipsel_1004kc+dsp_gcc-5.2.0_musl-1.1.11/include  conftest.c
configure:4384: $? = 0
configure:4384: result: yes
configure:4384: checking for stddef.h
configure:4384: result: yes
configure:4384: checking for stdint.h
configure:4384: result: yes
configure:4384: checking for stdlib.h
configure:4384: result: yes
configure:4384: checking for string.h
configure:4384: result: yes
configure:4384: checking sys/socket.h usability
configure:4384: mipsel-openwrt-linux-musl-gcc -c -Os -pipe -mmt -mips32r2 -mtune=1004kc -fno-caller-saves -fhonour-copts -Wno-error=unused-but-set-variable -Wno-error=unused-result -msoft-float -Wformat -Werror=format-security -fstack-protector -D_FORTIFY_SOURCE=1 -Wl,-z,now -Wl,-z,relro  -I/home/woody/openwrt_trunk/staging_dir/target-mipsel_1004kc+dsp_musl-1.1.11/usr/include -I/home/woody/openwrt_trunk/staging_dir/target-mipsel_1004kc+dsp_musl-1.1.11/include -I/home/woody/openwrt_trunk/staging_dir/toolchain-mipsel_1004kc+dsp_gcc-5.2.0_musl-1.1.11/usr/include -I/home/woody/openwrt_trunk/staging_dir/toolchain-mipsel_1004kc+dsp_gcc-5.2.0_musl-1.1.11/include/fortify -I/home/woody/openwrt_trunk/staging_dir/toolchain-mipsel_1004kc+dsp_gcc-5.2.0_musl-1.1.11/include  conftest.c >&5
configure:4384: $? = 0
configure:4384: result: yes
configure:4384: checking sys/socket.h presence
configure:4384: mipsel-openwrt-linux-musl-gcc -E -I/home/woody/openwrt_trunk/staging_dir/target-mipsel_1004kc+dsp_musl-1.1.11/usr/include -I/home/woody/openwrt_trunk/staging_dir/target-mipsel_1004kc+dsp_musl-1.1.11/include -I/home/woody/openwrt_trunk/staging_dir/toolchain-mipsel_1004kc+dsp_gcc-5.2.0_musl-1.1.11/usr/include -I/home/woody/openwrt_trunk/staging_dir/toolchain-mipsel_1004kc+dsp_gcc-5.2.0_musl-1.1.11/include/fortify -I/home/woody/openwrt_trunk/staging_dir/toolchain-mipsel_1004kc+dsp_gcc-5.2.0_musl-1.1.11/include  conftest.c
configure:4384: $? = 0
configure:4384: result: yes
configure:4384: checking for sys/socket.h
configure:4384: result: yes
configure:4396: checking for int16_t
configure:4396: mipsel-openwrt-linux-musl-gcc -c -Os -pipe -mmt -mips32r2 -mtune=1004kc -fno-caller-saves -fhonour-copts -Wno-error=unused-but-set-variable -Wno-error=unused-result -msoft-float -Wformat -Werror=format-security -fstack-protector -D_FORTIFY_SOURCE=1 -Wl,-z,now -Wl,-z,relro  -I/home/woody/openwrt_trunk/staging_dir/target-mipsel_1004kc+dsp_musl-1.1.11/usr/include -I/home/woody/openwrt_trunk/staging_dir/target-mipsel_1004kc+dsp_musl-1.1.11/include -I/home/woody/openwrt_trunk/staging_dir/toolchain-mipsel_1004kc+dsp_gcc-5.2.0_musl-1.1.11/usr/include -I/home/woody/openwrt_trunk/staging_dir/toolchain-mipsel_1004kc+dsp_gcc-5.2.0_musl-1.1.11/include/fortify -I/home/woody/openwrt_trunk/staging_dir/toolchain-mipsel_1004kc+dsp_gcc-5.2.0_musl-1.1.11/include  conftest.c >&5
configure:4396: $? = 0
configure:4396: mipsel-openwrt-linux-musl-gcc -c -Os -pipe -mmt -mips32r2 -mtune=1004kc -fno-caller-saves -fhonour-copts -Wno-error=unused-but-set-variable -Wno-error=unused-result -msoft-float -Wformat -Werror=format-security -fstack-protector -D_FORTIFY_SOURCE=1 -Wl,-z,now -Wl,-z,relro  -I/home/woody/openwrt_trunk/staging_dir/target-mipsel_1004kc+dsp_musl-1.1.11/usr/include -I/home/woody/openwrt_trunk/staging_dir/target-mipsel_1004kc+dsp_musl-1.1.11/include -I/home/woody/openwrt_trunk/staging_dir/toolchain-mipsel_1004kc+dsp_gcc-5.2.0_musl-1.1.11/usr/include -I/home/woody/openwrt_trunk/staging_dir/toolchain-mipsel_1004kc+dsp_gcc-5.2.0_musl-1.1.11/include/fortify -I/home/woody/openwrt_trunk/staging_dir/toolchain-mipsel_1004kc+dsp_gcc-5.2.0_musl-1.1.11/include  conftest.c >&5
conftest.c: In function 'main':
conftest.c:66:12: error: size of array 'test_array' is negative
 static int test_array [1 - 2 * !((int16_t) (((((int16_t) 1 << N) << N) - 1) * 2 + 1)
            ^
configure:4396: $? = 1
configure: failed program was:
| /* confdefs.h */
| #define PACKAGE_NAME "warning"
| #define PACKAGE_TARNAME "warning"
| #define PACKAGE_VERSION "0.1"
| #define PACKAGE_STRING "warning 0.1"
| #define PACKAGE_BUGREPORT "luxflow@live.com"
| #define PACKAGE_URL ""
| #define PACKAGE "warning"
| #define VERSION "0.1"
| #define STDC_HEADERS 1
| #define HAVE_SYS_TYPES_H 1
| #define HAVE_SYS_STAT_H 1
| #define HAVE_STDLIB_H 1
| #define HAVE_STRING_H 1
| #define HAVE_MEMORY_H 1
| #define HAVE_STRINGS_H 1
| #define HAVE_INTTYPES_H 1
| #define HAVE_STDINT_H 1
| #define HAVE_UNISTD_H 1
| #define HAVE_ARPA_INET_H 1
| #define HAVE_LIMITS_H 1
| #define HAVE_NETINET_IN_H 1
| #define HAVE_STDDEF_H 1
| #define HAVE_STDINT_H 1
| #define HAVE_STDLIB_H 1
| #define HAVE_STRING_H 1
| #define HAVE_SYS_SOCKET_H 1
| /* end confdefs.h.  */
| #include <stdio.h>
| #ifdef HAVE_SYS_TYPES_H
| # include <sys/types.h>
| #endif
| #ifdef HAVE_SYS_STAT_H
| # include <sys/stat.h>
| #endif
| #ifdef STDC_HEADERS
| # include <stdlib.h>
| # include <stddef.h>
| #else
| # ifdef HAVE_STDLIB_H
| #  include <stdlib.h>
| # endif
| #endif
| #ifdef HAVE_STRING_H
| # if !defined STDC_HEADERS && defined HAVE_MEMORY_H
| #  include <memory.h>
| # endif
| # include <string.h>
| #endif
| #ifdef HAVE_STRINGS_H
| # include <strings.h>
| #endif
| #ifdef HAVE_INTTYPES_H
| # include <inttypes.h>
| #endif
| #ifdef HAVE_STDINT_H
| # include <stdint.h>
| #endif
| #ifdef HAVE_UNISTD_H
| # include <unistd.h>
| #endif
| 	        enum { N = 16 / 2 - 1 };
| int
| main ()
| {
| static int test_array [1 - 2 * !((int16_t) (((((int16_t) 1 << N) << N) - 1) * 2 + 1)
| 		 < (int16_t) (((((int16_t) 1 << N) << N) - 1) * 2 + 2))];
| test_array [0] = 0;
| return test_array [0];
| 
|   ;
|   return 0;
| }
configure:4396: result: yes
configure:4407: checking for int32_t
configure:4407: mipsel-openwrt-linux-musl-gcc -c -Os -pipe -mmt -mips32r2 -mtune=1004kc -fno-caller-saves -fhonour-copts -Wno-error=unused-but-set-variable -Wno-error=unused-result -msoft-float -Wformat -Werror=format-security -fstack-protector -D_FORTIFY_SOURCE=1 -Wl,-z,now -Wl,-z,relro  -I/home/woody/openwrt_trunk/staging_dir/target-mipsel_1004kc+dsp_musl-1.1.11/usr/include -I/home/woody/openwrt_trunk/staging_dir/target-mipsel_1004kc+dsp_musl-1.1.11/include -I/home/woody/openwrt_trunk/staging_dir/toolchain-mipsel_1004kc+dsp_gcc-5.2.0_musl-1.1.11/usr/include -I/home/woody/openwrt_trunk/staging_dir/toolchain-mipsel_1004kc+dsp_gcc-5.2.0_musl-1.1.11/include/fortify -I/home/woody/openwrt_trunk/staging_dir/toolchain-mipsel_1004kc+dsp_gcc-5.2.0_musl-1.1.11/include  conftest.c >&5
configure:4407: $? = 0
configure:4407: mipsel-openwrt-linux-musl-gcc -c -Os -pipe -mmt -mips32r2 -mtune=1004kc -fno-caller-saves -fhonour-copts -Wno-error=unused-but-set-variable -Wno-error=unused-result -msoft-float -Wformat -Werror=format-security -fstack-protector -D_FORTIFY_SOURCE=1 -Wl,-z,now -Wl,-z,relro  -I/home/woody/openwrt_trunk/staging_dir/target-mipsel_1004kc+dsp_musl-1.1.11/usr/include -I/home/woody/openwrt_trunk/staging_dir/target-mipsel_1004kc+dsp_musl-1.1.11/include -I/home/woody/openwrt_trunk/staging_dir/toolchain-mipsel_1004kc+dsp_gcc-5.2.0_musl-1.1.11/usr/include -I/home/woody/openwrt_trunk/staging_dir/toolchain-mipsel_1004kc+dsp_gcc-5.2.0_musl-1.1.11/include/fortify -I/home/woody/openwrt_trunk/staging_dir/toolchain-mipsel_1004kc+dsp_gcc-5.2.0_musl-1.1.11/include  conftest.c >&5
conftest.c: In function 'main':
conftest.c:67:53: warning: integer overflow in expression [-Woverflow]
    < (int32_t) (((((int32_t) 1 << N) << N) - 1) * 2 + 2))];
                                                     ^
conftest.c:66:12: error: storage size of 'test_array' isn't constant
 static int test_array [1 - 2 * !((int32_t) (((((int32_t) 1 << N) << N) - 1) * 2 + 1)
            ^
configure:4407: $? = 1
configure: failed program was:
| /* confdefs.h */
| #define PACKAGE_NAME "warning"
| #define PACKAGE_TARNAME "warning"
| #define PACKAGE_VERSION "0.1"
| #define PACKAGE_STRING "warning 0.1"
| #define PACKAGE_BUGREPORT "luxflow@live.com"
| #define PACKAGE_URL ""
| #define PACKAGE "warning"
| #define VERSION "0.1"
| #define STDC_HEADERS 1
| #define HAVE_SYS_TYPES_H 1
| #define HAVE_SYS_STAT_H 1
| #define HAVE_STDLIB_H 1
| #define HAVE_STRING_H 1
| #define HAVE_MEMORY_H 1
| #define HAVE_STRINGS_H 1
| #define HAVE_INTTYPES_H 1
| #define HAVE_STDINT_H 1
| #define HAVE_UNISTD_H 1
| #define HAVE_ARPA_INET_H 1
| #define HAVE_LIMITS_H 1
| #define HAVE_NETINET_IN_H 1
| #define HAVE_STDDEF_H 1
| #define HAVE_STDINT_H 1
| #define HAVE_STDLIB_H 1
| #define HAVE_STRING_H 1
| #define HAVE_SYS_SOCKET_H 1
| /* end confdefs.h.  */
| #include <stdio.h>
| #ifdef HAVE_SYS_TYPES_H
| # include <sys/types.h>
| #endif
| #ifdef HAVE_SYS_STAT_H
| # include <sys/stat.h>
| #endif
| #ifdef STDC_HEADERS
| # include <stdlib.h>
| # include <stddef.h>
| #else
| # ifdef HAVE_STDLIB_H
| #  include <stdlib.h>
| # endif
| #endif
| #ifdef HAVE_STRING_H
| # if !defined STDC_HEADERS && defined HAVE_MEMORY_H
| #  include <memory.h>
| # endif
| # include <string.h>
| #endif
| #ifdef HAVE_STRINGS_H
| # include <strings.h>
| #endif
| #ifdef HAVE_INTTYPES_H
| # include <inttypes.h>
| #endif
| #ifdef HAVE_STDINT_H
| # include <stdint.h>
| #endif
| #ifdef HAVE_UNISTD_H
| # include <unistd.h>
| #endif
| 	        enum { N = 32 / 2 - 1 };
| int
| main ()
| {
| static int test_array [1 - 2 * !((int32_t) (((((int32_t) 1 << N) << N) - 1) * 2 + 1)
| 		 < (int32_t) (((((int32_t) 1 << N) << N) - 1) * 2 + 2))];
| test_array [0] = 0;
| return test_array [0];
| 
|   ;
|   return 0;
| }
configure:4407: result: yes
configure:4418: checking for int64_t
configure:4418: mipsel-openwrt-linux-musl-gcc -c -Os -pipe -mmt -mips32r2 -mtune=1004kc -fno-caller-saves -fhonour-copts -Wno-error=unused-but-set-variable -Wno-error=unused-result -msoft-float -Wformat -Werror=format-security -fstack-protector -D_FORTIFY_SOURCE=1 -Wl,-z,now -Wl,-z,relro  -I/home/woody/openwrt_trunk/staging_dir/target-mipsel_1004kc+dsp_musl-1.1.11/usr/include -I/home/woody/openwrt_trunk/staging_dir/target-mipsel_1004kc+dsp_musl-1.1.11/include -I/home/woody/openwrt_trunk/staging_dir/toolchain-mipsel_1004kc+dsp_gcc-5.2.0_musl-1.1.11/usr/include -I/home/woody/openwrt_trunk/staging_dir/toolchain-mipsel_1004kc+dsp_gcc-5.2.0_musl-1.1.11/include/fortify -I/home/woody/openwrt_trunk/staging_dir/toolchain-mipsel_1004kc+dsp_gcc-5.2.0_musl-1.1.11/include  conftest.c >&5
configure:4418: $? = 0
configure:4418: mipsel-openwrt-linux-musl-gcc -c -Os -pipe -mmt -mips32r2 -mtune=1004kc -fno-caller-saves -fhonour-copts -Wno-error=unused-but-set-variable -Wno-error=unused-result -msoft-float -Wformat -Werror=format-security -fstack-protector -D_FORTIFY_SOURCE=1 -Wl,-z,now -Wl,-z,relro  -I/home/woody/openwrt_trunk/staging_dir/target-mipsel_1004kc+dsp_musl-1.1.11/usr/include -I/home/woody/openwrt_trunk/staging_dir/target-mipsel_1004kc+dsp_musl-1.1.11/include -I/home/woody/openwrt_trunk/staging_dir/toolchain-mipsel_1004kc+dsp_gcc-5.2.0_musl-1.1.11/usr/include -I/home/woody/openwrt_trunk/staging_dir/toolchain-mipsel_1004kc+dsp_gcc-5.2.0_musl-1.1.11/include/fortify -I/home/woody/openwrt_trunk/staging_dir/toolchain-mipsel_1004kc+dsp_gcc-5.2.0_musl-1.1.11/include  conftest.c >&5
conftest.c: In function 'main':
conftest.c:67:53: warning: integer overflow in expression [-Woverflow]
    < (int64_t) (((((int64_t) 1 << N) << N) - 1) * 2 + 2))];
                                                     ^
conftest.c:66:12: error: storage size of 'test_array' isn't constant
 static int test_array [1 - 2 * !((int64_t) (((((int64_t) 1 << N) << N) - 1) * 2 + 1)
            ^
configure:4418: $? = 1
configure: failed program was:
| /* confdefs.h */
| #define PACKAGE_NAME "warning"
| #define PACKAGE_TARNAME "warning"
| #define PACKAGE_VERSION "0.1"
| #define PACKAGE_STRING "warning 0.1"
| #define PACKAGE_BUGREPORT "luxflow@live.com"
| #define PACKAGE_URL ""
| #define PACKAGE "warning"
| #define VERSION "0.1"
| #define STDC_HEADERS 1
| #define HAVE_SYS_TYPES_H 1
| #define HAVE_SYS_STAT_H 1
| #define HAVE_STDLIB_H 1
| #define HAVE_STRING_H 1
| #define HAVE_MEMORY_H 1
| #define HAVE_STRINGS_H 1
| #define HAVE_INTTYPES_H 1
| #define HAVE_STDINT_H 1
| #define HAVE_UNISTD_H 1
| #define HAVE_ARPA_INET_H 1
| #define HAVE_LIMITS_H 1
| #define HAVE_NETINET_IN_H 1
| #define HAVE_STDDEF_H 1
| #define HAVE_STDINT_H 1
| #define HAVE_STDLIB_H 1
| #define HAVE_STRING_H 1
| #define HAVE_SYS_SOCKET_H 1
| /* end confdefs.h.  */
| #include <stdio.h>
| #ifdef HAVE_SYS_TYPES_H
| # include <sys/types.h>
| #endif
| #ifdef HAVE_SYS_STAT_H
| # include <sys/stat.h>
| #endif
| #ifdef STDC_HEADERS
| # include <stdlib.h>
| # include <stddef.h>
| #else
| # ifdef HAVE_STDLIB_H
| #  include <stdlib.h>
| # endif
| #endif
| #ifdef HAVE_STRING_H
| # if !defined STDC_HEADERS && defined HAVE_MEMORY_H
| #  include <memory.h>
| # endif
| # include <string.h>
| #endif
| #ifdef HAVE_STRINGS_H
| # include <strings.h>
| #endif
| #ifdef HAVE_INTTYPES_H
| # include <inttypes.h>
| #endif
| #ifdef HAVE_STDINT_H
| # include <stdint.h>
| #endif
| #ifdef HAVE_UNISTD_H
| # include <unistd.h>
| #endif
| 	        enum { N = 64 / 2 - 1 };
| int
| main ()
| {
| static int test_array [1 - 2 * !((int64_t) (((((int64_t) 1 << N) << N) - 1) * 2 + 1)
| 		 < (int64_t) (((((int64_t) 1 << N) << N) - 1) * 2 + 2))];
| test_array [0] = 0;
| return test_array [0];
| 
|   ;
|   return 0;
| }
configure:4418: result: yes
configure:4429: checking for int8_t
configure:4429: mipsel-openwrt-linux-musl-gcc -c -Os -pipe -mmt -mips32r2 -mtune=1004kc -fno-caller-saves -fhonour-copts -Wno-error=unused-but-set-variable -Wno-error=unused-result -msoft-float -Wformat -Werror=format-security -fstack-protector -D_FORTIFY_SOURCE=1 -Wl,-z,now -Wl,-z,relro  -I/home/woody/openwrt_trunk/staging_dir/target-mipsel_1004kc+dsp_musl-1.1.11/usr/include -I/home/woody/openwrt_trunk/staging_dir/target-mipsel_1004kc+dsp_musl-1.1.11/include -I/home/woody/openwrt_trunk/staging_dir/toolchain-mipsel_1004kc+dsp_gcc-5.2.0_musl-1.1.11/usr/include -I/home/woody/openwrt_trunk/staging_dir/toolchain-mipsel_1004kc+dsp_gcc-5.2.0_musl-1.1.11/include/fortify -I/home/woody/openwrt_trunk/staging_dir/toolchain-mipsel_1004kc+dsp_gcc-5.2.0_musl-1.1.11/include  conftest.c >&5
configure:4429: $? = 0
configure:4429: mipsel-openwrt-linux-musl-gcc -c -Os -pipe -mmt -mips32r2 -mtune=1004kc -fno-caller-saves -fhonour-copts -Wno-error=unused-but-set-variable -Wno-error=unused-result -msoft-float -Wformat -Werror=format-security -fstack-protector -D_FORTIFY_SOURCE=1 -Wl,-z,now -Wl,-z,relro  -I/home/woody/openwrt_trunk/staging_dir/target-mipsel_1004kc+dsp_musl-1.1.11/usr/include -I/home/woody/openwrt_trunk/staging_dir/target-mipsel_1004kc+dsp_musl-1.1.11/include -I/home/woody/openwrt_trunk/staging_dir/toolchain-mipsel_1004kc+dsp_gcc-5.2.0_musl-1.1.11/usr/include -I/home/woody/openwrt_trunk/staging_dir/toolchain-mipsel_1004kc+dsp_gcc-5.2.0_musl-1.1.11/include/fortify -I/home/woody/openwrt_trunk/staging_dir/toolchain-mipsel_1004kc+dsp_gcc-5.2.0_musl-1.1.11/include  conftest.c >&5
conftest.c: In function 'main':
conftest.c:66:12: error: size of array 'test_array' is negative
 static int test_array [1 - 2 * !((int8_t) (((((int8_t) 1 << N) << N) - 1) * 2 + 1)
            ^
configure:4429: $? = 1
configure: failed program was:
| /* confdefs.h */
| #define PACKAGE_NAME "warning"
| #define PACKAGE_TARNAME "warning"
| #define PACKAGE_VERSION "0.1"
| #define PACKAGE_STRING "warning 0.1"
| #define PACKAGE_BUGREPORT "luxflow@live.com"
| #define PACKAGE_URL ""
| #define PACKAGE "warning"
| #define VERSION "0.1"
| #define STDC_HEADERS 1
| #define HAVE_SYS_TYPES_H 1
| #define HAVE_SYS_STAT_H 1
| #define HAVE_STDLIB_H 1
| #define HAVE_STRING_H 1
| #define HAVE_MEMORY_H 1
| #define HAVE_STRINGS_H 1
| #define HAVE_INTTYPES_H 1
| #define HAVE_STDINT_H 1
| #define HAVE_UNISTD_H 1
| #define HAVE_ARPA_INET_H 1
| #define HAVE_LIMITS_H 1
| #define HAVE_NETINET_IN_H 1
| #define HAVE_STDDEF_H 1
| #define HAVE_STDINT_H 1
| #define HAVE_STDLIB_H 1
| #define HAVE_STRING_H 1
| #define HAVE_SYS_SOCKET_H 1
| /* end confdefs.h.  */
| #include <stdio.h>
| #ifdef HAVE_SYS_TYPES_H
| # include <sys/types.h>
| #endif
| #ifdef HAVE_SYS_STAT_H
| # include <sys/stat.h>
| #endif
| #ifdef STDC_HEADERS
| # include <stdlib.h>
| # include <stddef.h>
| #else
| # ifdef HAVE_STDLIB_H
| #  include <stdlib.h>
| # endif
| #endif
| #ifdef HAVE_STRING_H
| # if !defined STDC_HEADERS && defined HAVE_MEMORY_H
| #  include <memory.h>
| # endif
| # include <string.h>
| #endif
| #ifdef HAVE_STRINGS_H
| # include <strings.h>
| #endif
| #ifdef HAVE_INTTYPES_H
| # include <inttypes.h>
| #endif
| #ifdef HAVE_STDINT_H
| # include <stdint.h>
| #endif
| #ifdef HAVE_UNISTD_H
| # include <unistd.h>
| #endif
| 	        enum { N = 8 / 2 - 1 };
| int
| main ()
| {
| static int test_array [1 - 2 * !((int8_t) (((((int8_t) 1 << N) << N) - 1) * 2 + 1)
| 		 < (int8_t) (((((int8_t) 1 << N) << N) - 1) * 2 + 2))];
| test_array [0] = 0;
| return test_array [0];
| 
|   ;
|   return 0;
| }
configure:4429: result: yes
configure:4440: checking for size_t
configure:4440: mipsel-openwrt-linux-musl-gcc -c -Os -pipe -mmt -mips32r2 -mtune=1004kc -fno-caller-saves -fhonour-copts -Wno-error=unused-but-set-variable -Wno-error=unused-result -msoft-float -Wformat -Werror=format-security -fstack-protector -D_FORTIFY_SOURCE=1 -Wl,-z,now -Wl,-z,relro  -I/home/woody/openwrt_trunk/staging_dir/target-mipsel_1004kc+dsp_musl-1.1.11/usr/include -I/home/woody/openwrt_trunk/staging_dir/target-mipsel_1004kc+dsp_musl-1.1.11/include -I/home/woody/openwrt_trunk/staging_dir/toolchain-mipsel_1004kc+dsp_gcc-5.2.0_musl-1.1.11/usr/include -I/home/woody/openwrt_trunk/staging_dir/toolchain-mipsel_1004kc+dsp_gcc-5.2.0_musl-1.1.11/include/fortify -I/home/woody/openwrt_trunk/staging_dir/toolchain-mipsel_1004kc+dsp_gcc-5.2.0_musl-1.1.11/include  conftest.c >&5
configure:4440: $? = 0
configure:4440: mipsel-openwrt-linux-musl-gcc -c -Os -pipe -mmt -mips32r2 -mtune=1004kc -fno-caller-saves -fhonour-copts -Wno-error=unused-but-set-variable -Wno-error=unused-result -msoft-float -Wformat -Werror=format-security -fstack-protector -D_FORTIFY_SOURCE=1 -Wl,-z,now -Wl,-z,relro  -I/home/woody/openwrt_trunk/staging_dir/target-mipsel_1004kc+dsp_musl-1.1.11/usr/include -I/home/woody/openwrt_trunk/staging_dir/target-mipsel_1004kc+dsp_musl-1.1.11/include -I/home/woody/openwrt_trunk/staging_dir/toolchain-mipsel_1004kc+dsp_gcc-5.2.0_musl-1.1.11/usr/include -I/home/woody/openwrt_trunk/staging_dir/toolchain-mipsel_1004kc+dsp_gcc-5.2.0_musl-1.1.11/include/fortify -I/home/woody/openwrt_trunk/staging_dir/toolchain-mipsel_1004kc+dsp_gcc-5.2.0_musl-1.1.11/include  conftest.c >&5
conftest.c: In function 'main':
conftest.c:65:21: error: expected expression before ')' token
 if (sizeof ((size_t)))
                     ^
configure:4440: $? = 1
configure: failed program was:
| /* confdefs.h */
| #define PACKAGE_NAME "warning"
| #define PACKAGE_TARNAME "warning"
| #define PACKAGE_VERSION "0.1"
| #define PACKAGE_STRING "warning 0.1"
| #define PACKAGE_BUGREPORT "luxflow@live.com"
| #define PACKAGE_URL ""
| #define PACKAGE "warning"
| #define VERSION "0.1"
| #define STDC_HEADERS 1
| #define HAVE_SYS_TYPES_H 1
| #define HAVE_SYS_STAT_H 1
| #define HAVE_STDLIB_H 1
| #define HAVE_STRING_H 1
| #define HAVE_MEMORY_H 1
| #define HAVE_STRINGS_H 1
| #define HAVE_INTTYPES_H 1
| #define HAVE_STDINT_H 1
| #define HAVE_UNISTD_H 1
| #define HAVE_ARPA_INET_H 1
| #define HAVE_LIMITS_H 1
| #define HAVE_NETINET_IN_H 1
| #define HAVE_STDDEF_H 1
| #define HAVE_STDINT_H 1
| #define HAVE_STDLIB_H 1
| #define HAVE_STRING_H 1
| #define HAVE_SYS_SOCKET_H 1
| /* end confdefs.h.  */
| #include <stdio.h>
| #ifdef HAVE_SYS_TYPES_H
| # include <sys/types.h>
| #endif
| #ifdef HAVE_SYS_STAT_H
| # include <sys/stat.h>
| #endif
| #ifdef STDC_HEADERS
| # include <stdlib.h>
| # include <stddef.h>
| #else
| # ifdef HAVE_STDLIB_H
| #  include <stdlib.h>
| # endif
| #endif
| #ifdef HAVE_STRING_H
| # if !defined STDC_HEADERS && defined HAVE_MEMORY_H
| #  include <memory.h>
| # endif
| # include <string.h>
| #endif
| #ifdef HAVE_STRINGS_H
| # include <strings.h>
| #endif
| #ifdef HAVE_INTTYPES_H
| # include <inttypes.h>
| #endif
| #ifdef HAVE_STDINT_H
| # include <stdint.h>
| #endif
| #ifdef HAVE_UNISTD_H
| # include <unistd.h>
| #endif
| int
| main ()
| {
| if (sizeof ((size_t)))
| 	    return 0;
|   ;
|   return 0;
| }
configure:4440: result: yes
configure:4451: checking for ssize_t
configure:4451: mipsel-openwrt-linux-musl-gcc -c -Os -pipe -mmt -mips32r2 -mtune=1004kc -fno-caller-saves -fhonour-copts -Wno-error=unused-but-set-variable -Wno-error=unused-result -msoft-float -Wformat -Werror=format-security -fstack-protector -D_FORTIFY_SOURCE=1 -Wl,-z,now -Wl,-z,relro  -I/home/woody/openwrt_trunk/staging_dir/target-mipsel_1004kc+dsp_musl-1.1.11/usr/include -I/home/woody/openwrt_trunk/staging_dir/target-mipsel_1004kc+dsp_musl-1.1.11/include -I/home/woody/openwrt_trunk/staging_dir/toolchain-mipsel_1004kc+dsp_gcc-5.2.0_musl-1.1.11/usr/include -I/home/woody/openwrt_trunk/staging_dir/toolchain-mipsel_1004kc+dsp_gcc-5.2.0_musl-1.1.11/include/fortify -I/home/woody/openwrt_trunk/staging_dir/toolchain-mipsel_1004kc+dsp_gcc-5.2.0_musl-1.1.11/include  conftest.c >&5
configure:4451: $? = 0
configure:4451: mipsel-openwrt-linux-musl-gcc -c -Os -pipe -mmt -mips32r2 -mtune=1004kc -fno-caller-saves -fhonour-copts -Wno-error=unused-but-set-variable -Wno-error=unused-result -msoft-float -Wformat -Werror=format-security -fstack-protector -D_FORTIFY_SOURCE=1 -Wl,-z,now -Wl,-z,relro  -I/home/woody/openwrt_trunk/staging_dir/target-mipsel_1004kc+dsp_musl-1.1.11/usr/include -I/home/woody/openwrt_trunk/staging_dir/target-mipsel_1004kc+dsp_musl-1.1.11/include -I/home/woody/openwrt_trunk/staging_dir/toolchain-mipsel_1004kc+dsp_gcc-5.2.0_musl-1.1.11/usr/include -I/home/woody/openwrt_trunk/staging_dir/toolchain-mipsel_1004kc+dsp_gcc-5.2.0_musl-1.1.11/include/fortify -I/home/woody/openwrt_trunk/staging_dir/toolchain-mipsel_1004kc+dsp_gcc-5.2.0_musl-1.1.11/include  conftest.c >&5
conftest.c: In function 'main':
conftest.c:65:22: error: expected expression before ')' token
 if (sizeof ((ssize_t)))
                      ^
configure:4451: $? = 1
configure: failed program was:
| /* confdefs.h */
| #define PACKAGE_NAME "warning"
| #define PACKAGE_TARNAME "warning"
| #define PACKAGE_VERSION "0.1"
| #define PACKAGE_STRING "warning 0.1"
| #define PACKAGE_BUGREPORT "luxflow@live.com"
| #define PACKAGE_URL ""
| #define PACKAGE "warning"
| #define VERSION "0.1"
| #define STDC_HEADERS 1
| #define HAVE_SYS_TYPES_H 1
| #define HAVE_SYS_STAT_H 1
| #define HAVE_STDLIB_H 1
| #define HAVE_STRING_H 1
| #define HAVE_MEMORY_H 1
| #define HAVE_STRINGS_H 1
| #define HAVE_INTTYPES_H 1
| #define HAVE_STDINT_H 1
| #define HAVE_UNISTD_H 1
| #define HAVE_ARPA_INET_H 1
| #define HAVE_LIMITS_H 1
| #define HAVE_NETINET_IN_H 1
| #define HAVE_STDDEF_H 1
| #define HAVE_STDINT_H 1
| #define HAVE_STDLIB_H 1
| #define HAVE_STRING_H 1
| #define HAVE_SYS_SOCKET_H 1
| /* end confdefs.h.  */
| #include <stdio.h>
| #ifdef HAVE_SYS_TYPES_H
| # include <sys/types.h>
| #endif
| #ifdef HAVE_SYS_STAT_H
| # include <sys/stat.h>
| #endif
| #ifdef STDC_HEADERS
| # include <stdlib.h>
| # include <stddef.h>
| #else
| # ifdef HAVE_STDLIB_H
| #  include <stdlib.h>
| # endif
| #endif
| #ifdef HAVE_STRING_H
| # if !defined STDC_HEADERS && defined HAVE_MEMORY_H
| #  include <memory.h>
| # endif
| # include <string.h>
| #endif
| #ifdef HAVE_STRINGS_H
| # include <strings.h>
| #endif
| #ifdef HAVE_INTTYPES_H
| # include <inttypes.h>
| #endif
| #ifdef HAVE_STDINT_H
| # include <stdint.h>
| #endif
| #ifdef HAVE_UNISTD_H
| # include <unistd.h>
| #endif
| int
| main ()
| {
| if (sizeof ((ssize_t)))
| 	    return 0;
|   ;
|   return 0;
| }
configure:4451: result: yes
configure:4462: checking for uint16_t
configure:4462: mipsel-openwrt-linux-musl-gcc -c -Os -pipe -mmt -mips32r2 -mtune=1004kc -fno-caller-saves -fhonour-copts -Wno-error=unused-but-set-variable -Wno-error=unused-result -msoft-float -Wformat -Werror=format-security -fstack-protector -D_FORTIFY_SOURCE=1 -Wl,-z,now -Wl,-z,relro  -I/home/woody/openwrt_trunk/staging_dir/target-mipsel_1004kc+dsp_musl-1.1.11/usr/include -I/home/woody/openwrt_trunk/staging_dir/target-mipsel_1004kc+dsp_musl-1.1.11/include -I/home/woody/openwrt_trunk/staging_dir/toolchain-mipsel_1004kc+dsp_gcc-5.2.0_musl-1.1.11/usr/include -I/home/woody/openwrt_trunk/staging_dir/toolchain-mipsel_1004kc+dsp_gcc-5.2.0_musl-1.1.11/include/fortify -I/home/woody/openwrt_trunk/staging_dir/toolchain-mipsel_1004kc+dsp_gcc-5.2.0_musl-1.1.11/include  conftest.c >&5
configure:4462: $? = 0
configure:4462: result: yes
configure:4474: checking for uint32_t
configure:4474: mipsel-openwrt-linux-musl-gcc -c -Os -pipe -mmt -mips32r2 -mtune=1004kc -fno-caller-saves -fhonour-copts -Wno-error=unused-but-set-variable -Wno-error=unused-result -msoft-float -Wformat -Werror=format-security -fstack-protector -D_FORTIFY_SOURCE=1 -Wl,-z,now -Wl,-z,relro  -I/home/woody/openwrt_trunk/staging_dir/target-mipsel_1004kc+dsp_musl-1.1.11/usr/include -I/home/woody/openwrt_trunk/staging_dir/target-mipsel_1004kc+dsp_musl-1.1.11/include -I/home/woody/openwrt_trunk/staging_dir/toolchain-mipsel_1004kc+dsp_gcc-5.2.0_musl-1.1.11/usr/include -I/home/woody/openwrt_trunk/staging_dir/toolchain-mipsel_1004kc+dsp_gcc-5.2.0_musl-1.1.11/include/fortify -I/home/woody/openwrt_trunk/staging_dir/toolchain-mipsel_1004kc+dsp_gcc-5.2.0_musl-1.1.11/include  conftest.c >&5
configure:4474: $? = 0
configure:4474: result: yes
configure:4488: checking for uint64_t
configure:4488: mipsel-openwrt-linux-musl-gcc -c -Os -pipe -mmt -mips32r2 -mtune=1004kc -fno-caller-saves -fhonour-copts -Wno-error=unused-but-set-variable -Wno-error=unused-result -msoft-float -Wformat -Werror=format-security -fstack-protector -D_FORTIFY_SOURCE=1 -Wl,-z,now -Wl,-z,relro  -I/home/woody/openwrt_trunk/staging_dir/target-mipsel_1004kc+dsp_musl-1.1.11/usr/include -I/home/woody/openwrt_trunk/staging_dir/target-mipsel_1004kc+dsp_musl-1.1.11/include -I/home/woody/openwrt_trunk/staging_dir/toolchain-mipsel_1004kc+dsp_gcc-5.2.0_musl-1.1.11/usr/include -I/home/woody/openwrt_trunk/staging_dir/toolchain-mipsel_1004kc+dsp_gcc-5.2.0_musl-1.1.11/include/fortify -I/home/woody/openwrt_trunk/staging_dir/toolchain-mipsel_1004kc+dsp_gcc-5.2.0_musl-1.1.11/include  conftest.c >&5
configure:4488: $? = 0
configure:4488: result: yes
configure:4502: checking for uint8_t
configure:4502: mipsel-openwrt-linux-musl-gcc -c -Os -pipe -mmt -mips32r2 -mtune=1004kc -fno-caller-saves -fhonour-copts -Wno-error=unused-but-set-variable -Wno-error=unused-result -msoft-float -Wformat -Werror=format-security -fstack-protector -D_FORTIFY_SOURCE=1 -Wl,-z,now -Wl,-z,relro  -I/home/woody/openwrt_trunk/staging_dir/target-mipsel_1004kc+dsp_musl-1.1.11/usr/include -I/home/woody/openwrt_trunk/staging_dir/target-mipsel_1004kc+dsp_musl-1.1.11/include -I/home/woody/openwrt_trunk/staging_dir/toolchain-mipsel_1004kc+dsp_gcc-5.2.0_musl-1.1.11/usr/include -I/home/woody/openwrt_trunk/staging_dir/toolchain-mipsel_1004kc+dsp_gcc-5.2.0_musl-1.1.11/include/fortify -I/home/woody/openwrt_trunk/staging_dir/toolchain-mipsel_1004kc+dsp_gcc-5.2.0_musl-1.1.11/include  conftest.c >&5
configure:4502: $? = 0
configure:4502: result: yes
configure:4520: checking for stdlib.h
configure:4520: result: yes
configure:4530: checking for GNU libc compatible malloc
configure:4564: result: yes
configure:4588: checking for bzero
configure:4588: result: yes
configure:4588: checking for memchr
configure:4588: mipsel-openwrt-linux-musl-gcc -o conftest -Os -pipe -mmt -mips32r2 -mtune=1004kc -fno-caller-saves -fhonour-copts -Wno-error=unused-but-set-variable -Wno-error=unused-result -msoft-float -Wformat -Werror=format-security -fstack-protector -D_FORTIFY_SOURCE=1 -Wl,-z,now -Wl,-z,relro  -I/home/woody/openwrt_trunk/staging_dir/target-mipsel_1004kc+dsp_musl-1.1.11/usr/include -I/home/woody/openwrt_trunk/staging_dir/target-mipsel_1004kc+dsp_musl-1.1.11/include -I/home/woody/openwrt_trunk/staging_dir/toolchain-mipsel_1004kc+dsp_gcc-5.2.0_musl-1.1.11/usr/include -I/home/woody/openwrt_trunk/staging_dir/toolchain-mipsel_1004kc+dsp_gcc-5.2.0_musl-1.1.11/include/fortify -I/home/woody/openwrt_trunk/staging_dir/toolchain-mipsel_1004kc+dsp_gcc-5.2.0_musl-1.1.11/include  -L/home/woody/openwrt_trunk/staging_dir/target-mipsel_1004kc+dsp_musl-1.1.11/usr/lib -L/home/woody/openwrt_trunk/staging_dir/target-mipsel_1004kc+dsp_musl-1.1.11/lib -L/home/woody/openwrt_trunk/staging_dir/toolchain-mipsel_1004kc+dsp_gcc-5.2.0_musl-1.1.11/usr/lib -L/home/woody/openwrt_trunk/staging_dir/toolchain-mipsel_1004kc+dsp_gcc-5.2.0_musl-1.1.11/lib -znow -zrelro  conftest.c  >&5
conftest.c:55:6: warning: conflicting types for built-in function 'memchr'
 char memchr ();
      ^
configure:4588: $? = 0
configure:4588: result: yes
configure:4588: checking for memset
configure:4588: mipsel-openwrt-linux-musl-gcc -o conftest -Os -pipe -mmt -mips32r2 -mtune=1004kc -fno-caller-saves -fhonour-copts -Wno-error=unused-but-set-variable -Wno-error=unused-result -msoft-float -Wformat -Werror=format-security -fstack-protector -D_FORTIFY_SOURCE=1 -Wl,-z,now -Wl,-z,relro  -I/home/woody/openwrt_trunk/staging_dir/target-mipsel_1004kc+dsp_musl-1.1.11/usr/include -I/home/woody/openwrt_trunk/staging_dir/target-mipsel_1004kc+dsp_musl-1.1.11/include -I/home/woody/openwrt_trunk/staging_dir/toolchain-mipsel_1004kc+dsp_gcc-5.2.0_musl-1.1.11/usr/include -I/home/woody/openwrt_trunk/staging_dir/toolchain-mipsel_1004kc+dsp_gcc-5.2.0_musl-1.1.11/include/fortify -I/home/woody/openwrt_trunk/staging_dir/toolchain-mipsel_1004kc+dsp_gcc-5.2.0_musl-1.1.11/include  -L/home/woody/openwrt_trunk/staging_dir/target-mipsel_1004kc+dsp_musl-1.1.11/usr/lib -L/home/woody/openwrt_trunk/staging_dir/target-mipsel_1004kc+dsp_musl-1.1.11/lib -L/home/woody/openwrt_trunk/staging_dir/toolchain-mipsel_1004kc+dsp_gcc-5.2.0_musl-1.1.11/usr/lib -L/home/woody/openwrt_trunk/staging_dir/toolchain-mipsel_1004kc+dsp_gcc-5.2.0_musl-1.1.11/lib -znow -zrelro  conftest.c  >&5
conftest.c:56:6: warning: conflicting types for built-in function 'memset'
 char memset ();
      ^
configure:4588: $? = 0
configure:4588: result: yes
configure:4588: checking for socket
configure:4588: mipsel-openwrt-linux-musl-gcc -o conftest -Os -pipe -mmt -mips32r2 -mtune=1004kc -fno-caller-saves -fhonour-copts -Wno-error=unused-but-set-variable -Wno-error=unused-result -msoft-float -Wformat -Werror=format-security -fstack-protector -D_FORTIFY_SOURCE=1 -Wl,-z,now -Wl,-z,relro  -I/home/woody/openwrt_trunk/staging_dir/target-mipsel_1004kc+dsp_musl-1.1.11/usr/include -I/home/woody/openwrt_trunk/staging_dir/target-mipsel_1004kc+dsp_musl-1.1.11/include -I/home/woody/openwrt_trunk/staging_dir/toolchain-mipsel_1004kc+dsp_gcc-5.2.0_musl-1.1.11/usr/include -I/home/woody/openwrt_trunk/staging_dir/toolchain-mipsel_1004kc+dsp_gcc-5.2.0_musl-1.1.11/include/fortify -I/home/woody/openwrt_trunk/staging_dir/toolchain-mipsel_1004kc+dsp_gcc-5.2.0_musl-1.1.11/include  -L/home/woody/openwrt_trunk/staging_dir/target-mipsel_1004kc+dsp_musl-1.1.11/usr/lib -L/home/woody/openwrt_trunk/staging_dir/target-mipsel_1004kc+dsp_musl-1.1.11/lib -L/home/woody/openwrt_trunk/staging_dir/toolchain-mipsel_1004kc+dsp_gcc-5.2.0_musl-1.1.11/usr/lib -L/home/woody/openwrt_trunk/staging_dir/toolchain-mipsel_1004kc+dsp_gcc-5.2.0_musl-1.1.11/lib -znow -zrelro  conftest.c  >&5
configure:4588: $? = 0
configure:4588: result: yes
configure:4588: checking for strtoul
configure:4588: mipsel-openwrt-linux-musl-gcc -o conftest -Os -pipe -mmt -mips32r2 -mtune=1004kc -fno-caller-saves -fhonour-copts -Wno-error=unused-but-set-variable -Wno-error=unused-result -msoft-float -Wformat -Werror=format-security -fstack-protector -D_FORTIFY_SOURCE=1 -Wl,-z,now -Wl,-z,relro  -I/home/woody/openwrt_trunk/staging_dir/target-mipsel_1004kc+dsp_musl-1.1.11/usr/include -I/home/woody/openwrt_trunk/staging_dir/target-mipsel_1004kc+dsp_musl-1.1.11/include -I/home/woody/openwrt_trunk/staging_dir/toolchain-mipsel_1004kc+dsp_gcc-5.2.0_musl-1.1.11/usr/include -I/home/woody/openwrt_trunk/staging_dir/toolchain-mipsel_1004kc+dsp_gcc-5.2.0_musl-1.1.11/include/fortify -I/home/woody/openwrt_trunk/staging_dir/toolchain-mipsel_1004kc+dsp_gcc-5.2.0_musl-1.1.11/include  -L/home/woody/openwrt_trunk/staging_dir/target-mipsel_1004kc+dsp_musl-1.1.11/usr/lib -L/home/woody/openwrt_trunk/staging_dir/target-mipsel_1004kc+dsp_musl-1.1.11/lib -L/home/woody/openwrt_trunk/staging_dir/toolchain-mipsel_1004kc+dsp_gcc-5.2.0_musl-1.1.11/usr/lib -L/home/woody/openwrt_trunk/staging_dir/toolchain-mipsel_1004kc+dsp_gcc-5.2.0_musl-1.1.11/lib -znow -zrelro  conftest.c  >&5
configure:4588: $? = 0
configure:4588: result: yes
configure:4709: checking that generated files are newer than configure
configure:4715: result: done
configure:4738: creating ./config.status

## ---------------------- ##
## Running config.status. ##
## ---------------------- ##

This file was extended by warning config.status 0.1, which was
generated by GNU Autoconf 2.69.  Invocation command line was

  CONFIG_FILES    = 
  CONFIG_HEADERS  = 
  CONFIG_LINKS    = 
  CONFIG_COMMANDS = 
  $ ./config.status 

on woody

config.status:874: creating makefile
config.status:874: creating src/makefile
config.status:874: creating config.h
config.status:1103: executing depfiles commands
configure:6051: WARNING: unrecognized options: --disable-nls

## ---------------- ##
## Cache variables. ##
## ---------------- ##

ac_cv_c_bigendian=no
ac_cv_c_compiler_gnu=yes
ac_cv_c_gettext_without_libintl=yes
ac_cv_c_int16_t=yes
ac_cv_c_int32_t=yes
ac_cv_c_int64_t=yes
ac_cv_c_int8_t=yes
ac_cv_c_littleendian=yes
ac_cv_c_long_double=no
ac_cv_c_uint16_t=yes
ac_cv_c_uint32_t=yes
ac_cv_c_uint64_t=yes
ac_cv_c_uint8_t=yes
ac_cv_conv_longlong_to_float=yes
ac_cv_env_CC_set=set
ac_cv_env_CC_value=mipsel-openwrt-linux-musl-gcc
ac_cv_env_CFLAGS_set=set
ac_cv_env_CFLAGS_value='-Os -pipe -mmt -mips32r2 -mtune=1004kc -fno-caller-saves -fhonour-copts -Wno-error=unused-but-set-variable -Wno-error=unused-result -msoft-float -Wformat -Werror=format-security -fstack-protector -D_FORTIFY_SOURCE=1 -Wl,-z,now -Wl,-z,relro '
ac_cv_env_CPPFLAGS_set=set
ac_cv_env_CPPFLAGS_value='-I/home/woody/openwrt_trunk/staging_dir/target-mipsel_1004kc+dsp_musl-1.1.11/usr/include -I/home/woody/openwrt_trunk/staging_dir/target-mipsel_1004kc+dsp_musl-1.1.11/include -I/home/woody/openwrt_trunk/staging_dir/toolchain-mipsel_1004kc+dsp_gcc-5.2.0_musl-1.1.11/usr/include -I/home/woody/openwrt_trunk/staging_dir/toolchain-mipsel_1004kc+dsp_gcc-5.2.0_musl-1.1.11/include/fortify -I/home/woody/openwrt_trunk/staging_dir/toolchain-mipsel_1004kc+dsp_gcc-5.2.0_musl-1.1.11/include '
ac_cv_env_CPP_set=
ac_cv_env_CPP_value=
ac_cv_env_LDFLAGS_set=set
ac_cv_env_LDFLAGS_value='-L/home/woody/openwrt_trunk/staging_dir/target-mipsel_1004kc+dsp_musl-1.1.11/usr/lib -L/home/woody/openwrt_trunk/staging_dir/target-mipsel_1004kc+dsp_musl-1.1.11/lib -L/home/woody/openwrt_trunk/staging_dir/toolchain-mipsel_1004kc+dsp_gcc-5.2.0_musl-1.1.11/usr/lib -L/home/woody/openwrt_trunk/staging_dir/toolchain-mipsel_1004kc+dsp_gcc-5.2.0_musl-1.1.11/lib -znow -zrelro '
ac_cv_env_LIBS_set=
ac_cv_env_LIBS_value=
ac_cv_env_build_alias_set=set
ac_cv_env_build_alias_value=x86_64-linux-gnu
ac_cv_env_host_alias_set=set
ac_cv_env_host_alias_value=mipsel-openwrt-linux
ac_cv_env_target_alias_set=set
ac_cv_env_target_alias_value=mipsel-openwrt-linux
ac_cv_file__dev_zero=yes
ac_cv_func___adjtimex=yes
ac_cv_func___va_copy=no
ac_cv_func__exit=yes
ac_cv_func_bcmp=yes
ac_cv_func_bcopy=yes
ac_cv_func_bzero=yes
ac_cv_func_cimag=yes
ac_cv_func_creal=yes
ac_cv_func_fchmod=yes
ac_cv_func_getaddrinfo=yes
ac_cv_func_getcwd=yes
ac_cv_func_getdomainname=yes
ac_cv_func_getpgrp_void=yes
ac_cv_func_getpwuid_r=yes
ac_cv_func_gettimeofday=yes
ac_cv_func_index=yes
ac_cv_func_lstat=yes
ac_cv_func_lstat_dereferences_slashed_symlink=yes
ac_cv_func_lstat_empty_string_bug=no
ac_cv_func_malloc_0_nonnull=yes
ac_cv_func_malloc_works=yes
ac_cv_func_memchr=yes
ac_cv_func_memcmp_clean=yes
ac_cv_func_memcmp_working=yes
ac_cv_func_memset=yes
ac_cv_func_posix_getgrgid_r=yes
ac_cv_func_posix_getpwuid_r=yes
ac_cv_func_psignal=yes
ac_cv_func_pthread_key_delete=yes
ac_cv_func_realloc_0_nonnull=yes
ac_cv_func_realloc_works=yes
ac_cv_func_rename=yes
ac_cv_func_rindex=yes
ac_cv_func_setgrent_void=yes
ac_cv_func_setlocale=yes
ac_cv_func_setpgrp_void=yes
ac_cv_func_setresuid=no
ac_cv_func_setvbuf_reversed=no
ac_cv_func_socket=yes
ac_cv_func_stat_empty_string_bug=no
ac_cv_func_stat_ignores_trailing_slash=no
ac_cv_func_strerror=yes
ac_cv_func_strftime=yes
ac_cv_func_strtoul=yes
ac_cv_func_utimes=yes
ac_cv_func_va_copy=no
ac_cv_func_vsnprintf=yes
ac_cv_have_accrights_in_msghdr=no
ac_cv_have_broken_snprintf=no
ac_cv_have_control_in_msghdr=yes
ac_cv_have_decl_sys_siglist=no
ac_cv_have_openpty_ctty_bug=yes
ac_cv_have_space_d_name_in_struct_dirent=yes
ac_cv_header_arpa_inet_h=yes
ac_cv_header_inttypes_h=yes
ac_cv_header_limits_h=yes
ac_cv_header_memory_h=yes
ac_cv_header_netinet_in_h=yes
ac_cv_header_netinet_sctp_h=no
ac_cv_header_netinet_sctp_uio_h=no
ac_cv_header_stdc=yes
ac_cv_header_stddef_h=yes
ac_cv_header_stdint_h=yes
ac_cv_header_stdlib_h=yes
ac_cv_header_string_h=yes
ac_cv_header_strings_h=yes
ac_cv_header_sys_socket_h=yes
ac_cv_header_sys_stat_h=yes
ac_cv_header_sys_types_h=yes
ac_cv_header_unistd_h=yes
ac_cv_int64_t=yes
ac_cv_lbl_unaligned_fail=no
ac_cv_linux_kernel_pppoe=yes
ac_cv_linux_vers=2
ac_cv_objext=o
ac_cv_pack_bitfields_reversed=yes
ac_cv_path_EGREP='/home/woody/openwrt_trunk/staging_dir/host/bin/grep -E'
ac_cv_path_GREP=/home/woody/openwrt_trunk/staging_dir/host/bin/grep
ac_cv_path_LDCONFIG=
ac_cv_path_install='/usr/bin/install -c'
ac_cv_path_mkdir=/bin/mkdir
ac_cv_prog_AWK=gawk
ac_cv_prog_CC=mipsel-openwrt-linux-musl-gcc
ac_cv_prog_CPP='mipsel-openwrt-linux-musl-gcc -E'
ac_cv_prog_STRIP=mipsel-openwrt-linux-musl-strip
ac_cv_prog_cc_c89=
ac_cv_prog_cc_g=yes
ac_cv_prog_make_make_set=yes
ac_cv_regexec_segfault_emptystr=no
ac_cv_sctp=no
ac_cv_sizeof___int64=0
ac_cv_sizeof_char=1
ac_cv_sizeof_int16_t=2
ac_cv_sizeof_int32_t=4
ac_cv_sizeof_int64_t=8
ac_cv_sizeof_int=4
ac_cv_sizeof_long=4
ac_cv_sizeof_long_int=4
ac_cv_sizeof_long_long=8
ac_cv_sizeof_off_t=8
ac_cv_sizeof_short=2
ac_cv_sizeof_short_int=2
ac_cv_sizeof_size_t=4
ac_cv_sizeof_ssize_t=4
ac_cv_sizeof_u_int16_t=2
ac_cv_sizeof_u_int32_t=4
ac_cv_sizeof_u_int64_t=8
ac_cv_sizeof_uint16_t=2
ac_cv_sizeof_uint32_t=4
ac_cv_sizeof_uint64_t=8
ac_cv_sizeof_unsigned_int=4
ac_cv_sizeof_unsigned_long=4
ac_cv_sizeof_unsigned_long_long=8
ac_cv_sizeof_unsigned_short=2
ac_cv_sizeof_void_p=4
ac_cv_sys_restartable_syscalls=yes
ac_cv_time_r_type=POSIX
ac_cv_type_size_t=yes
ac_cv_type_ssize_t=yes
ac_cv_type_suseconds_t=yes
ac_cv_uchar=no
ac_cv_uint64_t=yes
ac_cv_uint=yes
ac_cv_ulong=yes
ac_cv_ushort=yes
ac_cv_va_copy=C99
ac_cv_va_val_copy=yes
am_cv_CC_dependencies_compiler_type=gcc3
am_cv_make_support_nested_variables=yes
am_cv_prog_cc_c_o=yes
as_cv_unaligned_access=yes

## ----------------- ##
## Output variables. ##
## ----------------- ##

ACLOCAL='${SHELL} /home/woody/openwrt_trunk/build_dir/target-mipsel_1004kc+dsp_musl-1.1.11/warning/missing aclocal-1.15'
AMDEPBACKSLASH='\'
AMDEP_FALSE='#'
AMDEP_TRUE=''
AMTAR='$${TAR-tar}'
AM_BACKSLASH='\'
AM_DEFAULT_V='$(AM_DEFAULT_VERBOSITY)'
AM_DEFAULT_VERBOSITY='1'
AM_V='$(V)'
AUTOCONF='${SHELL} /home/woody/openwrt_trunk/build_dir/target-mipsel_1004kc+dsp_musl-1.1.11/warning/missing autoconf'
AUTOHEADER='${SHELL} /home/woody/openwrt_trunk/build_dir/target-mipsel_1004kc+dsp_musl-1.1.11/warning/missing autoheader'
AUTOMAKE='${SHELL} /home/woody/openwrt_trunk/build_dir/target-mipsel_1004kc+dsp_musl-1.1.11/warning/missing automake-1.15'
AWK='gawk'
CC='mipsel-openwrt-linux-musl-gcc'
CCDEPMODE='depmode=gcc3'
CFLAGS='-Os -pipe -mmt -mips32r2 -mtune=1004kc -fno-caller-saves -fhonour-copts -Wno-error=unused-but-set-variable -Wno-error=unused-result -msoft-float -Wformat -Werror=format-security -fstack-protector -D_FORTIFY_SOURCE=1 -Wl,-z,now -Wl,-z,relro '
CPP='mipsel-openwrt-linux-musl-gcc -E'
CPPFLAGS='-I/home/woody/openwrt_trunk/staging_dir/target-mipsel_1004kc+dsp_musl-1.1.11/usr/include -I/home/woody/openwrt_trunk/staging_dir/target-mipsel_1004kc+dsp_musl-1.1.11/include -I/home/woody/openwrt_trunk/staging_dir/toolchain-mipsel_1004kc+dsp_gcc-5.2.0_musl-1.1.11/usr/include -I/home/woody/openwrt_trunk/staging_dir/toolchain-mipsel_1004kc+dsp_gcc-5.2.0_musl-1.1.11/include/fortify -I/home/woody/openwrt_trunk/staging_dir/toolchain-mipsel_1004kc+dsp_gcc-5.2.0_musl-1.1.11/include '
CYGPATH_W='echo'
DEFS='-DHAVE_CONFIG_H'
DEPDIR='.deps'
ECHO_C=''
ECHO_N='-n'
ECHO_T=''
EGREP='/home/woody/openwrt_trunk/staging_dir/host/bin/grep -E'
EXEEXT=''
GREP='/home/woody/openwrt_trunk/staging_dir/host/bin/grep'
INSTALL_DATA='${INSTALL} -m 644'
INSTALL_PROGRAM='${INSTALL}'
INSTALL_SCRIPT='${INSTALL}'
INSTALL_STRIP_PROGRAM='$(install_sh) -c -s'
LDFLAGS='-L/home/woody/openwrt_trunk/staging_dir/target-mipsel_1004kc+dsp_musl-1.1.11/usr/lib -L/home/woody/openwrt_trunk/staging_dir/target-mipsel_1004kc+dsp_musl-1.1.11/lib -L/home/woody/openwrt_trunk/staging_dir/toolchain-mipsel_1004kc+dsp_gcc-5.2.0_musl-1.1.11/usr/lib -L/home/woody/openwrt_trunk/staging_dir/toolchain-mipsel_1004kc+dsp_gcc-5.2.0_musl-1.1.11/lib -znow -zrelro '
LIBOBJS=''
LIBS=''
LTLIBOBJS=''
MAKEINFO='${SHELL} /home/woody/openwrt_trunk/build_dir/target-mipsel_1004kc+dsp_musl-1.1.11/warning/missing makeinfo'
MKDIR_P='/bin/mkdir -p'
OBJEXT='o'
PACKAGE='warning'
PACKAGE_BUGREPORT='luxflow@live.com'
PACKAGE_NAME='warning'
PACKAGE_STRING='warning 0.1'
PACKAGE_TARNAME='warning'
PACKAGE_URL=''
PACKAGE_VERSION='0.1'
PATH_SEPARATOR=':'
SET_MAKE=''
SHELL='/bin/bash'
STRIP='mipsel-openwrt-linux-musl-strip'
VERSION='0.1'
ac_ct_CC=''
am__EXEEXT_FALSE=''
am__EXEEXT_TRUE='#'
am__fastdepCC_FALSE='#'
am__fastdepCC_TRUE=''
am__include='include'
am__isrc=''
am__leading_dot='.'
am__nodep='_no'
am__quote=''
am__tar='$${TAR-tar} chof - "$$tardir"'
am__untar='$${TAR-tar} xf -'
bindir='/usr/bin'
build_alias='x86_64-linux-gnu'
datadir='/usr/share'
datarootdir='${prefix}/share'
docdir='${datarootdir}/doc/${PACKAGE_TARNAME}'
dvidir='${docdir}'
exec_prefix='/usr'
host_alias='mipsel-openwrt-linux'
htmldir='${docdir}'
includedir='${prefix}/include'
infodir='/usr/info'
install_sh='${SHELL} /home/woody/openwrt_trunk/build_dir/target-mipsel_1004kc+dsp_musl-1.1.11/warning/install-sh'
libdir='${exec_prefix}/lib'
libexecdir='/usr/lib'
localedir='${datarootdir}/locale'
localstatedir='/var'
mandir='/usr/man'
mkdir_p='$(MKDIR_P)'
oldincludedir='/usr/include'
pdfdir='${docdir}'
prefix='/usr'
program_transform_name='s&$$&&;s&^&&'
psdir='${docdir}'
sbindir='/usr/sbin'
sharedstatedir='${prefix}/com'
sysconfdir='/etc'
target_alias='mipsel-openwrt-linux'

## ----------- ##
## confdefs.h. ##
## ----------- ##

/* confdefs.h */
#define PACKAGE_NAME "warning"
#define PACKAGE_TARNAME "warning"
#define PACKAGE_VERSION "0.1"
#define PACKAGE_STRING "warning 0.1"
#define PACKAGE_BUGREPORT "luxflow@live.com"
#define PACKAGE_URL ""
#define PACKAGE "warning"
#define VERSION "0.1"
#define STDC_HEADERS 1
#define HAVE_SYS_TYPES_H 1
#define HAVE_SYS_STAT_H 1
#define HAVE_STDLIB_H 1
#define HAVE_STRING_H 1
#define HAVE_MEMORY_H 1
#define HAVE_STRINGS_H 1
#define HAVE_INTTYPES_H 1
#define HAVE_STDINT_H 1
#define HAVE_UNISTD_H 1
#define HAVE_ARPA_INET_H 1
#define HAVE_LIMITS_H 1
#define HAVE_NETINET_IN_H 1
#define HAVE_STDDEF_H 1
#define HAVE_STDINT_H 1
#define HAVE_STDLIB_H 1
#define HAVE_STRING_H 1
#define HAVE_SYS_SOCKET_H 1
#define HAVE_STDLIB_H 1
#define HAVE_MALLOC 1
#define HAVE_BZERO 1
#define HAVE_MEMCHR 1
#define HAVE_MEMSET 1
#define HAVE_SOCKET 1
#define HAVE_STRTOUL 1

configure: exit 0
